1653321600976	geckodriver	INFO	Listening on 127.0.0.1:36227
1653321601299	mozrunner::runner	INFO	Running command: "/usr/bin/firefox" "--marionette" "--remote-debugging-port" "45795" "--remote-allow-hosts" "localhost" "-no-remote" "-profile" "/tmp/rust_mozprofileTG73aM"
Gtk-Message: 12:00:01.538: Failed to load module "canberra-gtk-module"
Gtk-Message: 12:00:01.539: Failed to load module "canberra-gtk-module"
ATTENTION: default value of option mesa_glthread overridden by environment.
ATTENTION: default value of option mesa_glthread overridden by environment.
ATTENTION: default value of option mesa_glthread overridden by environment.
1653321610721	geckodriver	INFO	Listening on 127.0.0.1:40755
1653321610974	mozrunner::runner	INFO	Running command: "/usr/bin/firefox" "--marionette" "--remote-debugging-port" "44415" "--remote-allow-hosts" "localhost" "-no-remote" "-profile" "/tmp/rust_mozprofileCmbi7B"
Gtk-Message: 12:00:11.243: Failed to load module "canberra-gtk-module"
Gtk-Message: 12:00:11.245: Failed to load module "canberra-gtk-module"
ATTENTION: default value of option mesa_glthread overridden by environment.
ATTENTION: default value of option mesa_glthread overridden by environment.
ATTENTION: default value of option mesa_glthread overridden by environment.
1653321625314	geckodriver	INFO	Listening on 127.0.0.1:42379
1653321625493	mozrunner::runner	INFO	Running command: "/usr/bin/firefox" "--marionette" "--remote-debugging-port" "52399" "--remote-allow-hosts" "localhost" "-no-remote" "-profile" "/tmp/rust_mozprofilejbcZX1"
Gtk-Message: 12:00:25.736: Failed to load module "canberra-gtk-module"
Gtk-Message: 12:00:25.738: Failed to load module "canberra-gtk-module"
ATTENTION: default value of option mesa_glthread overridden by environment.
ATTENTION: default value of option mesa_glthread overridden by environment.
ATTENTION: default value of option mesa_glthread overridden by environment.
1653321679462	geckodriver	INFO	Listening on 127.0.0.1:50575
1653321680233	mozrunner::runner	INFO	Running command: "/usr/bin/firefox" "--marionette" "--remote-debugging-port" "51755" "--remote-allow-hosts" "localhost" "-no-remote" "-profile" "/tmp/rust_mozprofileaKaCcm"
Gtk-Message: 12:01:20.577: Failed to load module "canberra-gtk-module"
Gtk-Message: 12:01:20.578: Failed to load module "canberra-gtk-module"
ATTENTION: default value of option mesa_glthread overridden by environment.
ATTENTION: default value of option mesa_glthread overridden by environment.
ATTENTION: default value of option mesa_glthread overridden by environment.
1653321885788	geckodriver	INFO	Listening on 127.0.0.1:44769
1653321885967	mozrunner::runner	INFO	Running command: "/usr/bin/firefox" "--marionette" "--remote-debugging-port" "46497" "--remote-allow-hosts" "localhost" "-no-remote" "-profile" "/tmp/rust_mozprofile6UBDB1"
Gtk-Message: 12:04:46.215: Failed to load module "canberra-gtk-module"
Gtk-Message: 12:04:46.216: Failed to load module "canberra-gtk-module"
ATTENTION: default value of option mesa_glthread overridden by environment.
ATTENTION: default value of option mesa_glthread overridden by environment.
ATTENTION: default value of option mesa_glthread overridden by environment.
1653321895561	geckodriver	INFO	Listening on 127.0.0.1:52287
1653321896345	mozrunner::runner	INFO	Running command: "/usr/bin/firefox" "--marionette" "--remote-debugging-port" "40799" "--remote-allow-hosts" "localhost" "-no-remote" "-profile" "/tmp/rust_mozprofileoOc6T2"
Gtk-Message: 12:04:56.731: Failed to load module "canberra-gtk-module"
Gtk-Message: 12:04:56.734: Failed to load module "canberra-gtk-module"
ATTENTION: default value of option mesa_glthread overridden by environment.
ATTENTION: default value of option mesa_glthread overridden by environment.
ATTENTION: default value of option mesa_glthread overridden by environment.
1653323935393	geckodriver	INFO	Listening on 127.0.0.1:57607
1653323936272	mozrunner::runner	INFO	Running command: "/usr/bin/firefox" "--marionette" "--remote-debugging-port" "49889" "--remote-allow-hosts" "localhost" "-no-remote" "-profile" "/tmp/rust_mozprofile2ngjb6"
Gtk-Message: 12:38:56.493: Failed to load module "canberra-gtk-module"
Gtk-Message: 12:38:56.495: Failed to load module "canberra-gtk-module"
ATTENTION: default value of option mesa_glthread overridden by environment.
ATTENTION: default value of option mesa_glthread overridden by environment.
ATTENTION: default value of option mesa_glthread overridden by environment.
1653323953386	geckodriver	INFO	Listening on 127.0.0.1:46353
1653323954139	mozrunner::runner	INFO	Running command: "/usr/bin/firefox" "--marionette" "--remote-debugging-port" "33887" "--remote-allow-hosts" "localhost" "-no-remote" "-profile" "/tmp/rust_mozprofilexhrse8"
Gtk-Message: 12:39:14.363: Failed to load module "canberra-gtk-module"
Gtk-Message: 12:39:14.365: Failed to load module "canberra-gtk-module"
ATTENTION: default value of option mesa_glthread overridden by environment.
ATTENTION: default value of option mesa_glthread overridden by environment.
ATTENTION: default value of option mesa_glthread overridden by environment.
1653324011829	geckodriver	INFO	Listening on 127.0.0.1:59733
1653324011999	mozrunner::runner	INFO	Running command: "/usr/bin/firefox" "--marionette" "--remote-debugging-port" "51859" "--remote-allow-hosts" "localhost" "-no-remote" "-profile" "/tmp/rust_mozprofilefORoEK"
Gtk-Message: 12:40:12.221: Failed to load module "canberra-gtk-module"
Gtk-Message: 12:40:12.222: Failed to load module "canberra-gtk-module"
ATTENTION: default value of option mesa_glthread overridden by environment.
ATTENTION: default value of option mesa_glthread overridden by environment.
ATTENTION: default value of option mesa_glthread overridden by environment.
1653324128977	geckodriver	INFO	Listening on 127.0.0.1:39385
1653324129942	mozrunner::runner	INFO	Running command: "/snap/bin/firefox" "--marionette" "--remote-debugging-port" "57315" "--remote-allow-hosts" "localhost" "-no-remote" "-profile" "/tmp/rust_mozprofileSmh4tS"
Gtk-Message: 12:42:10.224: Failed to load module "canberra-gtk-module"
Gtk-Message: 12:42:10.226: Failed to load module "canberra-gtk-module"
ATTENTION: default value of option mesa_glthread overridden by environment.
ATTENTION: default value of option mesa_glthread overridden by environment.
ATTENTION: default value of option mesa_glthread overridden by environment.

###!!! [Parent][PImageBridgeParent] Error: RunMessage(msgname=PImageBridge::Msg_WillClose) Channel closing: too late to send/recv, messages will be lost

1653324166535	geckodriver	INFO	Listening on 127.0.0.1:42155
1653324166711	mozrunner::runner	INFO	Running command: "/usr/bin/firefox" "--marionette" "--remote-debugging-port" "42345" "--remote-allow-hosts" "localhost" "-no-remote" "-profile" "/tmp/rust_mozprofileVjMZx1"
Gtk-Message: 12:42:46.940: Failed to load module "canberra-gtk-module"
Gtk-Message: 12:42:46.942: Failed to load module "canberra-gtk-module"
ATTENTION: default value of option mesa_glthread overridden by environment.
ATTENTION: default value of option mesa_glthread overridden by environment.
ATTENTION: default value of option mesa_glthread overridden by environment.
1653324181616	geckodriver	INFO	Listening on 127.0.0.1:42239
1653324182276	mozrunner::runner	INFO	Running command: "/usr/bin/firefox" "--marionette" "--remote-debugging-port" "51663" "--remote-allow-hosts" "localhost" "-no-remote" "-profile" "/tmp/rust_mozprofile2zIe2n"
Gtk-Message: 12:43:02.563: Failed to load module "canberra-gtk-module"
Gtk-Message: 12:43:02.564: Failed to load module "canberra-gtk-module"
ATTENTION: default value of option mesa_glthread overridden by environment.
ATTENTION: default value of option mesa_glthread overridden by environment.
ATTENTION: default value of option mesa_glthread overridden by environment.
1653324678955	geckodriver	INFO	Listening on 127.0.0.1:46009
1653324678960	mozrunner::runner	INFO	Running command: "/usr/bin/firefox" "--marionette" "--remote-debugging-port" "54281" "--remote-allow-hosts" "localhost" "-no-remote" "-profile" "/tmp/rust_mozprofileHoObQg"
1653324679653	Marionette	INFO	Marionette enabled
Unsupported modifier, resource creation failed.
XXX: resource creation failed
Unsupported modifier, resource creation failed.
XXX: resource creation failed
Unsupported modifier, resource creation failed.
XXX: resource creation failed
Unsupported modifier, resource creation failed.
XXX: resource creation failed
Unsupported modifier, resource creation failed.
XXX: resource creation failed
Unsupported modifier, resource creation failed.
XXX: resource creation failed
Unsupported modifier, resource creation failed.
XXX: resource creation failed
console.warn: SearchSettings: "get: No settings file exists, new profile?" (new NotFoundError("Could not open the file at /tmp/rust_mozprofileHoObQg/search.json.mozlz4", (void 0)))
DevTools listening on ws://localhost:54281/devtools/browser/59852ced-3c08-49d7-b2de-9ed6edb08184
1653324684295	Marionette	INFO	Listening on port 46155
Unsupported modifier, resource creation failed.
XXX: resource creation failed
Unsupported modifier, resource creation failed.
XXX: resource creation failed
Read port: 46155
1653324684388	RemoteAgent	WARN	TLS certificate errors will be ignored for this session
Unsupported modifier, resource creation failed.
XXX: resource creation failed
Unsupported modifier, resource creation failed.
XXX: resource creation failed
1653324685989	Marionette	INFO	Stopped listening on port 46155
JavaScript error: resource://services-settings/RemoteSettingsWorker.jsm, line 46: RemoteSettingsWorkerError: Remote Settings has shut down.
console.log: "RemoteSettingsWorker error: Error: Can't import when we've started shutting down."
console.log: "RemoteSettingsWorker error: Error: Can't import when we've started shutting down."
console.log: "RemoteSettingsWorker error: Error: Can't import when we've started shutting down."
console.log: "RemoteSettingsWorker error: Error: Can't import when we've started shutting down."
console.log: "RemoteSettingsWorker error: Error: Can't import when we've started shutting down."
console.log: "RemoteSettingsWorker error: Error: Can't import when we've started shutting down."
JavaScript error: resource://gre/modules/AsyncShutdown.jsm, line 718: Error: Phase "profile-before-change" is finished, it is too late to register completion condition "DoHController: clear state and remove observers"
1653324688845	geckodriver	INFO	Listening on 127.0.0.1:58185
1653324689365	mozrunner::runner	INFO	Running command: "/usr/bin/firefox" "--marionette" "--remote-debugging-port" "46725" "--remote-allow-hosts" "localhost" "-no-remote" "-profile" "/tmp/rust_mozprofileyJWZM3"
1653324690054	Marionette	INFO	Marionette enabled
Unsupported modifier, resource creation failed.
XXX: resource creation failed
console.warn: SearchSettings: "get: No settings file exists, new profile?" (new NotFoundError("Could not open the file at /tmp/rust_mozprofileyJWZM3/search.json.mozlz4", (void 0)))
Unsupported modifier, resource creation failed.
XXX: resource creation failed
Unsupported modifier, resource creation failed.
XXX: resource creation failed
Unsupported modifier, resource creation failed.
XXX: resource creation failed
Unsupported modifier, resource creation failed.
XXX: resource creation failed
Unsupported modifier, resource creation failed.
XXX: resource creation failed
Unsupported modifier, resource creation failed.
XXX: resource creation failed
DevTools listening on ws://localhost:46725/devtools/browser/b216b009-0339-433a-818b-e4f538aa6816
1653324693370	Marionette	INFO	Listening on port 37171
Read port: 37171
1653324693393	RemoteAgent	WARN	TLS certificate errors will be ignored for this session
console.warn: LoginRecipes: "getRecipes: falling back to a synchronous message for:" "https://admin-demo.nopcommerce.com"
console.warn: LoginRecipes: "getRecipes: falling back to a synchronous message for:" "https://admin-demo.nopcommerce.com"
JavaScript error: resource://gre/modules/LoginManagerParent.jsm, line 136: TypeError: gRecipeManager is null
Unsupported modifier, resource creation failed.
XXX: resource creation failed
Unsupported modifier, resource creation failed.
XXX: resource creation failed
1653324696653	Marionette	INFO	Stopped listening on port 37171
console.warn: services.settings: main/quicksuggest sync interrupted by shutdown
JavaScript error: resource://gre/modules/UrlClassifierListManager.jsm, line 691: TypeError: this.tablesData[table] is undefined
console.error: "Could not load engine wikipedia@search.mozilla.org: Error: Data is not ready."
console.error: "Could not load engine bing@search.mozilla.org: [Exception... \"AddonManager is not initialized\"  nsresult: \"0xc1f30001 (NS_ERROR_NOT_INITIALIZED)\"  location: \"JS frame :: resource://gre/modules/AddonManager.jsm :: installBuiltinAddon :: line 2480\"  data: no]"
console.error: "Could not load engine ddg@search.mozilla.org: [Exception... \"AddonManager is not initialized\"  nsresult: \"0xc1f30001 (NS_ERROR_NOT_INITIALIZED)\"  location: \"JS frame :: resource://gre/modules/AddonManager.jsm :: installBuiltinAddon :: line 2480\"  data: no]"
console.warn: SearchService: "_init: abandoning init due to shutting down"
JavaScript error: resource://gre/modules/AsyncShutdown.jsm, line 575: uncaught exception: 2147500036
JavaScript error: resource://gre/modules/AsyncShutdown.jsm, line 575: uncaught exception: 2147500036
JavaScript error: resource://gre/modules/AsyncShutdown.jsm, line 575: uncaught exception: 2147500036
JavaScript error: resource://gre/modules/AsyncShutdown.jsm, line 575: uncaught exception: 2147500036
JavaScript error: resource://gre/modules/AsyncShutdown.jsm, line 575: uncaught exception: 2147500036
JavaScript error: resource://gre/modules/AsyncShutdown.jsm, line 575: uncaught exception: 2147500036
JavaScript error: resource://gre/modules/AsyncShutdown.jsm, line 575: uncaught exception: 2147500036
JavaScript error: resource://gre/modules/AsyncShutdown.jsm, line 575: uncaught exception: 2147500036
JavaScript error: resource://gre/modules/AsyncShutdown.jsm, line 575: uncaught exception: 2147500036
JavaScript error: resource://gre/modules/AsyncShutdown.jsm, line 575: uncaught exception: 2147500036
console.log: "RemoteSettingsWorker error: Error: Can't import when we've started shutting down."
JavaScript error: resource://gre/modules/AsyncShutdown.jsm, line 718: Error: Phase "profile-before-change" is finished, it is too late to register completion condition "DoHController: clear state and remove observers"
1653324745253	geckodriver	INFO	Listening on 127.0.0.1:55955
1653324745257	mozrunner::runner	INFO	Running command: "/usr/bin/firefox" "--marionette" "--remote-debugging-port" "47097" "--remote-allow-hosts" "localhost" "-no-remote" "-profile" "/tmp/rust_mozprofileEYtAAl"
1653324745923	Marionette	INFO	Marionette enabled
Unsupported modifier, resource creation failed.
XXX: resource creation failed
Unsupported modifier, resource creation failed.
XXX: resource creation failed
console.warn: SearchSettings: "get: No settings file exists, new profile?" (new NotFoundError("Could not open the file at /tmp/rust_mozprofileEYtAAl/search.json.mozlz4", (void 0)))
Unsupported modifier, resource creation failed.
XXX: resource creation failed
Unsupported modifier, resource creation failed.
XXX: resource creation failed
Unsupported modifier, resource creation failed.
XXX: resource creation failed
Unsupported modifier, resource creation failed.
XXX: resource creation failed
Unsupported modifier, resource creation failed.
XXX: resource creation failed
Unsupported modifier, resource creation failed.
XXX: resource creation failed
DevTools listening on ws://localhost:47097/devtools/browser/8450a1a9-6324-4d5a-8ef6-ad7db082d841
1653324749339	Marionette	INFO	Listening on port 38085
Read port: 38085
1653324749399	RemoteAgent	WARN	TLS certificate errors will be ignored for this session
1653324750770	Marionette	INFO	Stopped listening on port 38085
JavaScript error: resource://activity-stream/lib/ActivityStreamPrefs.jsm, line 27: NS_ERROR_ILLEGAL_VALUE: Component returned failure code: 0x80070057 (NS_ERROR_ILLEGAL_VALUE) [nsIPrefBranch.removeObserver]
JavaScript error: resource://gre/modules/UrlClassifierListManager.jsm, line 691: TypeError: this.tablesData[table] is undefined
console.warn: TopSitesFeed: Failed to fetch data from Contile server: NetworkError when attempting to fetch resource.
JavaScript error: resource://gre/modules/JSONFile.jsm, line 138: AbortError: IOUtils.profileBeforeChange getter: IOUtils: profileBeforeChange phase has already finished
console.log: "RemoteSettingsWorker error: Error: Can't import when we've started shutting down."
JavaScript error: resource://gre/modules/JSONFile.jsm, line 186: Error: Data is not ready.
console.log: "RemoteSettingsWorker error: Error: Can't import when we've started shutting down."
console.log: "RemoteSettingsWorker error: Error: Can't import when we've started shutting down."
console.log: "RemoteSettingsWorker error: Error: Can't import when we've started shutting down."
console.log: "RemoteSettingsWorker error: Error: Can't import when we've started shutting down."
console.log: "RemoteSettingsWorker error: Error: Can't import when we've started shutting down."
console.log: "RemoteSettingsWorker error: Error: Can't import when we've started shutting down."
JavaScript error: , line 0: AbortError: A request was aborted, for example through a call to IDBTransaction.abort.
JavaScript error: resource://gre/modules/AsyncShutdown.jsm, line 718: Error: Phase "profile-before-change" is finished, it is too late to register completion condition "DoHController: clear state and remove observers"
JavaScript error: resource://gre/modules/CrashManager.jsm, line 898: AbortError: IOUtils: Shutting down and refusing additional I/O tasks
RunWatchdog: Mainthread nested event loops during hang: 
 --- (no nested event loop active)
ExceptionHandler::GenerateDump cloned child 12176
ExceptionHandler::WaitForContinueSignal waiting for continue signal...
ExceptionHandler::SendContinueSignalToChild sent continue signal to child
1653324817412	geckodriver	INFO	Listening on 127.0.0.1:37035
1653324817921	mozrunner::runner	INFO	Running command: "/usr/bin/firefox" "--marionette" "--remote-debugging-port" "52739" "--remote-allow-hosts" "localhost" "-no-remote" "-profile" "/tmp/rust_mozprofileMJ2OZu"
1653324818587	Marionette	INFO	Marionette enabled
Unsupported modifier, resource creation failed.
XXX: resource creation failed
Unsupported modifier, resource creation failed.
XXX: resource creation failed
console.warn: SearchSettings: "get: No settings file exists, new profile?" (new NotFoundError("Could not open the file at /tmp/rust_mozprofileMJ2OZu/search.json.mozlz4", (void 0)))
Unsupported modifier, resource creation failed.
XXX: resource creation failed
Unsupported modifier, resource creation failed.
XXX: resource creation failed
Unsupported modifier, resource creation failed.
XXX: resource creation failed
Unsupported modifier, resource creation failed.
XXX: resource creation failed
Unsupported modifier, resource creation failed.
XXX: resource creation failed
Unsupported modifier, resource creation failed.
XXX: resource creation failed
DevTools listening on ws://localhost:52739/devtools/browser/d96ccb27-2b4c-4b87-a168-553d6f757ae1
1653324821893	Marionette	INFO	Listening on port 34949
Read port: 34949
1653324821944	RemoteAgent	WARN	TLS certificate errors will be ignored for this session
console.warn: LoginRecipes: "getRecipes: falling back to a synchronous message for:" "https://admin-demo.nopcommerce.com"
console.warn: LoginRecipes: "getRecipes: falling back to a synchronous message for:" "https://admin-demo.nopcommerce.com"
JavaScript error: resource://gre/modules/LoginManagerParent.jsm, line 136: TypeError: gRecipeManager is null
Unsupported modifier, resource creation failed.
XXX: resource creation failed
Unsupported modifier, resource creation failed.
XXX: resource creation failed
1653324827142	Marionette	INFO	Stopped listening on port 34949

###!!! [Parent][PImageBridgeParent] Error: RunMessage(msgname=PImageBridge::Msg_WillClose) Channel closing: too late to send/recv, messages will be lost

1653326246012	geckodriver	INFO	Listening on 127.0.0.1:35785
1653326246012	geckodriver	INFO	Listening on 127.0.0.1:43679
1653326246019	mozrunner::runner	INFO	Running command: "/usr/bin/firefox" "--marionette" "--remote-debugging-port" "55375" "--remote-allow-hosts" "localhost" "-no-remote" "-profile" "/tmp/rust_mozprofile6XTMlq"
1653326246020	mozrunner::runner	INFO	Running command: "/usr/bin/firefox" "--marionette" "--remote-debugging-port" "43141" "--remote-allow-hosts" "localhost" "-no-remote" "-profile" "/tmp/rust_mozprofile9eMNdp"
1653326246945	Marionette	INFO	Marionette enabled
1653326246954	Marionette	INFO	Marionette enabled
Unsupported modifier, resource creation failed.
XXX: resource creation failed
Unsupported modifier, resource creation failed.
XXX: resource creation failed
Unsupported modifier, resource creation failed.
XXX: resource creation failed
Unsupported modifier, resource creation failed.
XXX: resource creation failed
Unsupported modifier, resource creation failed.
XXX: resource creation failed
Unsupported modifier, resource creation failed.
XXX: resource creation failed
console.warn: SearchSettings: "get: No settings file exists, new profile?" (new NotFoundError("Could not open the file at /tmp/rust_mozprofile6XTMlq/search.json.mozlz4", (void 0)))
Unsupported modifier, resource creation failed.
XXX: resource creation failed
Unsupported modifier, resource creation failed.
XXX: resource creation failed
Unsupported modifier, resource creation failed.
XXX: resource creation failed
Unsupported modifier, resource creation failed.
XXX: resource creation failed
console.warn: SearchSettings: "get: No settings file exists, new profile?" (new NotFoundError("Could not open the file at /tmp/rust_mozprofile9eMNdp/search.json.mozlz4", (void 0)))
Unsupported modifier, resource creation failed.
XXX: resource creation failed
Unsupported modifier, resource creation failed.
XXX: resource creation failed
DevTools listening on ws://localhost:55375/devtools/browser/899c23fc-24d1-488c-8158-d9db44f3d572
DevTools listening on ws://localhost:43141/devtools/browser/9e801ee6-5ad8-47dc-a1d3-2b497fbb0c86
1653326251680	Marionette	INFO	Listening on port 36989
1653326251697	Marionette	INFO	Listening on port 42487
Read port: 42487
Read port: 36989
1653326251751	RemoteAgent	WARN	TLS certificate errors will be ignored for this session
1653326251753	RemoteAgent	WARN	TLS certificate errors will be ignored for this session
1653326253427	Marionette	INFO	Stopped listening on port 42487
JavaScript error: resource://activity-stream/lib/ActivityStreamPrefs.jsm, line 27: NS_ERROR_ILLEGAL_VALUE: Component returned failure code: 0x80070057 (NS_ERROR_ILLEGAL_VALUE) [nsIPrefBranch.removeObserver]
Unsupported modifier, resource creation failed.
XXX: resource creation failed
Unsupported modifier, resource creation failed.
XXX: resource creation failed
JavaScript error: resource://gre/modules/AsyncShutdown.jsm, line 718: Error: Phase "Sqlite.jsm: wait until all connections are closed" is finished, it is too late to register completion condition "protections.sqlite#0: waiting for shutdown"
Unsupported modifier, resource creation failed.
XXX: resource creation failed
Unsupported modifier, resource creation failed.
XXX: resource creation failed
Unsupported modifier, resource creation failed.
XXX: resource creation failed
Unsupported modifier, resource creation failed.
XXX: resource creation failed
console.warn: LoginRecipes: "getRecipes: falling back to a synchronous message for:" "https://admin-demo.nopcommerce.com"
console.warn: LoginRecipes: "getRecipes: falling back to a synchronous message for:" "https://admin-demo.nopcommerce.com"
JavaScript error: resource://gre/modules/LoginManagerParent.jsm, line 136: TypeError: gRecipeManager is null
console.warn: TopSitesFeed: Failed to fetch data from Contile server: NetworkError when attempting to fetch resource.
JavaScript error: resource://activity-stream/lib/PlacesFeed.jsm, line 178: NS_ERROR_UNEXPECTED: Component returned failure code: 0x8000ffff (NS_ERROR_UNEXPECTED) [nsINavBookmarksService.addObserver]
JavaScript error: resource://gre/modules/JSONFile.jsm, line 138: AbortError: IOUtils.profileBeforeChange getter: IOUtils: profileBeforeChange phase has already finished
console.log: "RemoteSettingsWorker error: Error: Can't import when we've started shutting down."
JavaScript error: resource://gre/modules/JSONFile.jsm, line 186: Error: Data is not ready.
console.log: "RemoteSettingsWorker error: Error: Can't import when we've started shutting down."
console.log: "RemoteSettingsWorker error: Error: Can't import when we've started shutting down."
console.log: "RemoteSettingsWorker error: Error: Can't import when we've started shutting down."
console.log: "RemoteSettingsWorker error: Error: Can't import when we've started shutting down."
console.log: "RemoteSettingsWorker error: Error: Can't import when we've started shutting down."
console.log: "RemoteSettingsWorker error: Error: Can't import when we've started shutting down."
JavaScript error: , line 0: AbortError: A request was aborted, for example through a call to IDBTransaction.abort.
JavaScript error: resource://gre/modules/AsyncShutdown.jsm, line 718: Error: Phase "profile-before-change" is finished, it is too late to register completion condition "DoHController: clear state and remove observers"
Unsupported modifier, resource creation failed.
XXX: resource creation failed
Unsupported modifier, resource creation failed.
XXX: resource creation failed
1653326257070	Marionette	INFO	Stopped listening on port 36989
console.warn: SearchService: "_init: abandoning init due to shutting down"
JavaScript error: , line 0: uncaught exception: 2147500036
JavaScript error: , line 0: uncaught exception: 2147500036
JavaScript error: , line 0: uncaught exception: 2147500036
JavaScript error: , line 0: uncaught exception: 2147500036
JavaScript error: , line 0: uncaught exception: 2147500036
JavaScript error: , line 0: uncaught exception: 2147500036
JavaScript error: , line 0: uncaught exception: 2147500036
JavaScript error: , line 0: uncaught exception: 2147500036
JavaScript error: , line 0: uncaught exception: 2147500036
JavaScript error: , line 0: uncaught exception: 2147500036
console.warn: services.settings: main/quicksuggest sync interrupted by shutdown
console.log: "RemoteSettingsWorker error: Error: Can't import when we've started shutting down."

###!!! [Parent][PImageBridgeParent] Error: RunMessage(msgname=PImageBridge::Msg_WillClose) Channel closing: too late to send/recv, messages will be lost

JavaScript error: resource://gre/modules/CrashManager.jsm, line 898: AbortError: IOUtils: Shutting down and refusing additional I/O tasks
JavaScript error: resource://gre/modules/CrashManager.jsm, line 898: AbortError: IOUtils: Shutting down and refusing additional I/O tasks
1653592846259	geckodriver	INFO	Listening on 127.0.0.1:53939
1653592846793	mozrunner::runner	INFO	Running command: "/usr/bin/firefox" "--marionette" "--remote-debugging-port" "55749" "--remote-allow-hosts" "localhost" "-no-remote" "-profile" "/tmp/rust_mozprofilepa1ejq"
Error: no DISPLAY environment variable specified
1653592847005	geckodriver	INFO	Listening on 127.0.0.1:36115
1653592847516	mozrunner::runner	INFO	Running command: "/usr/bin/firefox" "--marionette" "--remote-debugging-port" "60151" "--remote-allow-hosts" "localhost" "-no-remote" "-profile" "/tmp/rust_mozprofilebJz5fh"
Error: no DISPLAY environment variable specified
1653619473113	geckodriver	INFO	Listening on 127.0.0.1:46507
1653619473118	mozrunner::runner	INFO	Running command: "/usr/bin/firefox" "--marionette" "--headless" "--remote-debugging-port" "51891" "--remote-allow-hosts" "localhost" "-no-remote" "-profile" "/tmp/rust_mozprofileFWowAg"
*** You are running in headless mode.
1653619473674	Marionette	INFO	Marionette enabled
[GFX1-]: RenderCompositorSWGL failed mapping default framebuffer, no dt
console.warn: SearchSettings: "get: No settings file exists, new profile?" (new NotFoundError("Could not open the file at /tmp/rust_mozprofileFWowAg/search.json.mozlz4", (void 0)))
DevTools listening on ws://localhost:51891/devtools/browser/6984df55-36fb-4630-890a-7516f60cdf6b
1653619476950	Marionette	INFO	Listening on port 38767
Read port: 38767
1653619477071	RemoteAgent	WARN	TLS certificate errors will be ignored for this session
console.warn: LoginRecipes: "getRecipes: falling back to a synchronous message for:" "https://admin-demo.nopcommerce.com"
console.warn: LoginRecipes: "getRecipes: falling back to a synchronous message for:" "https://admin-demo.nopcommerce.com"
JavaScript error: resource://gre/modules/LoginManagerParent.jsm, line 136: TypeError: gRecipeManager is null
1653619483378	Marionette	WARN	TimedPromise timed out after 500 ms: stacktrace:
TimedPromise/<@chrome://remote/content/marionette/sync.js:235:19
TimedPromise@chrome://remote/content/marionette/sync.js:220:10
interaction.flushEventLoop@chrome://remote/content/marionette/interaction.js:431:10
webdriverClickElement@chrome://remote/content/marionette/interaction.js:179:31
send@https://admin-demo.nopcommerce.com/lib_npm/jquery/jquery.min.js?v=meexYto0mAKr6PjyeE37ROc-We8:2:82613
ajax@https://admin-demo.nopcommerce.com/lib_npm/jquery/jquery.min.js?v=meexYto0mAKr6PjyeE37ROc-We8:2:78223
n.ajax@https://admin-demo.nopcommerce.com/js/HomeIndex.Footer.scripts.js?v=p85S1lLwdXzndIrgTxy2jRef03c:86:4297
t@https://admin-demo.nopcommerce.com/js/HomeIndex.Footer.scripts.js?v=p85S1lLwdXzndIrgTxy2jRef03c:92:42174
initOnce@https://admin-demo.nopcommerce.com/js/HomeIndex.Footer.scripts.js?v=p85S1lLwdXzndIrgTxy2jRef03c:92:42576
init@https://admin-demo.nopcommerce.com/js/HomeIndex.Footer.scripts.js?v=p85S1lLwdXzndIrgTxy2jRef03c:92:43224
@https://admin-demo.nopcommerce.com/admin/:2518:46
e@https://admin-demo.nopcommerce.com/lib_npm/jquery/jquery.min.js?v=meexYto0mAKr6PjyeE37ROc-We8:2:30005
Deferred/then/l/</t<@https://admin-demo.nopcommerce.com/lib_npm/jquery/jquery.min.js?v=meexYto0mAKr6PjyeE37ROc-We8:2:30307
1653619483679	geckodriver	INFO	Listening on 127.0.0.1:57921
1653619484191	mozrunner::runner	INFO	Running command: "/usr/bin/firefox" "--marionette" "--headless" "--remote-debugging-port" "56747" "--remote-allow-hosts" "localhost" "-no-remote" "-profile" "/tmp/rust_mozprofileTbZa2g"
*** You are running in headless mode.
1653619484572	Marionette	INFO	Marionette enabled
[GFX1-]: RenderCompositorSWGL failed mapping default framebuffer, no dt
console.warn: SearchSettings: "get: No settings file exists, new profile?" (new NotFoundError("Could not open the file at /tmp/rust_mozprofileTbZa2g/search.json.mozlz4", (void 0)))
DevTools listening on ws://localhost:56747/devtools/browser/26a59578-cb79-4f2e-b195-336c284c62c9
1653619488017	Marionette	INFO	Listening on port 32969
Read port: 32969
1653619488126	RemoteAgent	WARN	TLS certificate errors will be ignored for this session
console.warn: LoginRecipes: "getRecipes: falling back to a synchronous message for:" "https://admin-demo.nopcommerce.com"
console.warn: LoginRecipes: "getRecipes: falling back to a synchronous message for:" "https://admin-demo.nopcommerce.com"
JavaScript error: resource://gre/modules/LoginManagerParent.jsm, line 136: TypeError: gRecipeManager is null
1653619493728	Marionette	INFO	Stopped listening on port 32969
JavaScript error: resource://services-settings/Utils.jsm, line 153: TypeError: NetworkError: Network request failed

###!!! [Parent][PImageBridgeParent] Error: RunMessage(msgname=PImageBridge::Msg_WillClose) Channel closing: too late to send/recv, messages will be lost

1653619508821	geckodriver	INFO	Listening on 127.0.0.1:56445
1653619508826	mozrunner::runner	INFO	Running command: "/usr/bin/firefox" "--marionette" "--remote-debugging-port" "51285" "--remote-allow-hosts" "localhost" "-no-remote" "-profile" "/tmp/rust_mozprofilePEsFwB"
1653619511213	Marionette	INFO	Marionette enabled
Unsupported modifier, resource creation failed.
XXX: resource creation failed
Unsupported modifier, resource creation failed.
XXX: resource creation failed
console.warn: SearchSettings: "get: No settings file exists, new profile?" (new NotFoundError("Could not open the file at /tmp/rust_mozprofilePEsFwB/search.json.mozlz4", (void 0)))
Unsupported modifier, resource creation failed.
XXX: resource creation failed
DevTools listening on ws://localhost:51285/devtools/browser/7d6e6986-ef93-4303-a8e1-5c9e639eaf8b
1653619516818	Marionette	INFO	Listening on port 34651
Read port: 34651
1653619516864	RemoteAgent	WARN	TLS certificate errors will be ignored for this session
Unsupported modifier, resource creation failed.
XXX: resource creation failed
console.warn: LoginRecipes: "getRecipes: falling back to a synchronous message for:" "https://admin-demo.nopcommerce.com"
console.warn: LoginRecipes: "getRecipes: falling back to a synchronous message for:" "https://admin-demo.nopcommerce.com"
JavaScript error: resource://gre/modules/LoginManagerParent.jsm, line 136: TypeError: gRecipeManager is null
Unsupported modifier, resource creation failed.
XXX: resource creation failed
JavaScript error: https://admin-demo.nopcommerce.com/js/HomeIndex.Footer.scripts.js?v=p85S1lLwdXzndIrgTxy2jRef03c, line 129: TypeError: n is undefined
Unsupported modifier, resource creation failed.
XXX: resource creation failed
1653619523638	Marionette	WARN	TimedPromise timed out after 500 ms: stacktrace:
TimedPromise/<@chrome://remote/content/marionette/sync.js:235:19
TimedPromise@chrome://remote/content/marionette/sync.js:220:10
interaction.flushEventLoop@chrome://remote/content/marionette/interaction.js:431:10
webdriverClickElement@chrome://remote/content/marionette/interaction.js:179:31
send@https://admin-demo.nopcommerce.com/lib_npm/jquery/jquery.min.js?v=meexYto0mAKr6PjyeE37ROc-We8:2:82613
ajax@https://admin-demo.nopcommerce.com/lib_npm/jquery/jquery.min.js?v=meexYto0mAKr6PjyeE37ROc-We8:2:78223
n.ajax@https://admin-demo.nopcommerce.com/js/CustomerList.Footer.scripts.js?v=xmzoCAzW3rGfXyFMlwN0-pJR2Ow:86:4297
t@https://admin-demo.nopcommerce.com/js/CustomerList.Footer.scripts.js?v=xmzoCAzW3rGfXyFMlwN0-pJR2Ow:92:42174
initOnce@https://admin-demo.nopcommerce.com/js/CustomerList.Footer.scripts.js?v=xmzoCAzW3rGfXyFMlwN0-pJR2Ow:92:42576
init@https://admin-demo.nopcommerce.com/js/CustomerList.Footer.scripts.js?v=xmzoCAzW3rGfXyFMlwN0-pJR2Ow:92:43224
@https://admin-demo.nopcommerce.com/Admin/Customer/List:1375:46
e@https://admin-demo.nopcommerce.com/lib_npm/jquery/jquery.min.js?v=meexYto0mAKr6PjyeE37ROc-We8:2:30005
Deferred/then/l/</t<@https://admin-demo.nopcommerce.com/lib_npm/jquery/jquery.min.js?v=meexYto0mAKr6PjyeE37ROc-We8:2:30307
1653619523993	geckodriver	INFO	Listening on 127.0.0.1:46993
1653619524502	mozrunner::runner	INFO	Running command: "/usr/bin/firefox" "--marionette" "--remote-debugging-port" "58391" "--remote-allow-hosts" "localhost" "-no-remote" "-profile" "/tmp/rust_mozprofiledXsPZ3"
1653619525524	Marionette	INFO	Marionette enabled
Unsupported modifier, resource creation failed.
XXX: resource creation failed
Unsupported modifier, resource creation failed.
XXX: resource creation failed
Unsupported modifier, resource creation failed.
XXX: resource creation failed
console.warn: SearchSettings: "get: No settings file exists, new profile?" (new NotFoundError("Could not open the file at /tmp/rust_mozprofiledXsPZ3/search.json.mozlz4", (void 0)))
Unsupported modifier, resource creation failed.
XXX: resource creation failed
DevTools listening on ws://localhost:58391/devtools/browser/a721a9c0-4313-44a5-8cdb-1e16ae71b5c2
1653619531214	Marionette	INFO	Listening on port 44679
Read port: 44679
1653619531351	RemoteAgent	WARN	TLS certificate errors will be ignored for this session
Unsupported modifier, resource creation failed.
XXX: resource creation failed
console.warn: LoginRecipes: "getRecipes: falling back to a synchronous message for:" "https://admin-demo.nopcommerce.com"
console.warn: LoginRecipes: "getRecipes: falling back to a synchronous message for:" "https://admin-demo.nopcommerce.com"
JavaScript error: resource://gre/modules/LoginManagerParent.jsm, line 136: TypeError: gRecipeManager is null
Unsupported modifier, resource creation failed.
XXX: resource creation failed
1653619537108	Marionette	INFO	Stopped listening on port 44679
JavaScript error: https://admin-demo.nopcommerce.com/lib_npm/jquery/jquery.min.js?v=meexYto0mAKr6PjyeE37ROc-We8, line 2: NS_ERROR_NOT_INITIALIZED: 
JavaScript error: resource://services-settings/Utils.jsm, line 153: TypeError: NetworkError: Network request failed

###!!! [Parent][PImageBridgeParent] Error: RunMessage(msgname=PImageBridge::Msg_WillClose) Channel closing: too late to send/recv, messages will be lost

Unsupported modifier, resource creation failed.
XXX: resource creation failed
1653619794519	Marionette	INFO	Stopped listening on port 34651
console.warn: TopSitesFeed: Failed to fetch data from Contile server: NetworkError when attempting to fetch resource.
1653619802473	geckodriver	INFO	Listening on 127.0.0.1:41237
1653619802477	mozrunner::runner	INFO	Running command: "/usr/bin/firefox" "--marionette" "--remote-debugging-port" "57137" "--remote-allow-hosts" "localhost" "-no-remote" "-profile" "/tmp/rust_mozprofileaTfyai"
1653619803188	Marionette	INFO	Marionette enabled
Unsupported modifier, resource creation failed.
XXX: resource creation failed
console.warn: SearchSettings: "get: No settings file exists, new profile?" (new NotFoundError("Could not open the file at /tmp/rust_mozprofileaTfyai/search.json.mozlz4", (void 0)))
Unsupported modifier, resource creation failed.
XXX: resource creation failed
Unsupported modifier, resource creation failed.
XXX: resource creation failed
DevTools listening on ws://localhost:57137/devtools/browser/2891dc4b-b9d8-4fd7-b0b7-8433eca11f78
1653619806757	Marionette	INFO	Listening on port 38615
Read port: 38615
1653619806822	RemoteAgent	WARN	TLS certificate errors will be ignored for this session
console.warn: LoginRecipes: "getRecipes: falling back to a synchronous message for:" "https://admin-demo.nopcommerce.com"
console.warn: LoginRecipes: "getRecipes: falling back to a synchronous message for:" "https://admin-demo.nopcommerce.com"
JavaScript error: resource://gre/modules/LoginManagerParent.jsm, line 136: TypeError: gRecipeManager is null
1653619814086	geckodriver	INFO	Listening on 127.0.0.1:32821
1653619814603	mozrunner::runner	INFO	Running command: "/usr/bin/firefox" "--marionette" "--remote-debugging-port" "42893" "--remote-allow-hosts" "localhost" "-no-remote" "-profile" "/tmp/rust_mozprofileAhOar7"
1653619815334	Marionette	INFO	Marionette enabled
Unsupported modifier, resource creation failed.
XXX: resource creation failed
Unsupported modifier, resource creation failed.
XXX: resource creation failed
console.warn: SearchSettings: "get: No settings file exists, new profile?" (new NotFoundError("Could not open the file at /tmp/rust_mozprofileAhOar7/search.json.mozlz4", (void 0)))
Unsupported modifier, resource creation failed.
XXX: resource creation failed
DevTools listening on ws://localhost:42893/devtools/browser/abcd80e7-5010-4c20-b0cb-256593440f42
1653619818778	Marionette	INFO	Listening on port 37785
Read port: 37785
1653619818864	RemoteAgent	WARN	TLS certificate errors will be ignored for this session
console.warn: LoginRecipes: "getRecipes: falling back to a synchronous message for:" "https://admin-demo.nopcommerce.com"
console.warn: LoginRecipes: "getRecipes: falling back to a synchronous message for:" "https://admin-demo.nopcommerce.com"
JavaScript error: resource://gre/modules/LoginManagerParent.jsm, line 136: TypeError: gRecipeManager is null
Unsupported modifier, resource creation failed.
XXX: resource creation failed
1653619822446	Marionette	INFO	Stopped listening on port 37785
JavaScript error: resource://gre/modules/UrlClassifierListManager.jsm, line 691: TypeError: this.tablesData[table] is undefined
JavaScript error: resource://services-settings/Utils.jsm, line 153: TypeError: NetworkError: Network request failed

###!!! [Parent][PImageBridgeParent] Error: RunMessage(msgname=PImageBridge::Msg_WillClose) Channel closing: too late to send/recv, messages will be lost

1653619943175	geckodriver	INFO	Listening on 127.0.0.1:54699
1653619943180	mozrunner::runner	INFO	Running command: "/usr/bin/firefox" "--marionette" "--remote-debugging-port" "34509" "--remote-allow-hosts" "localhost" "-no-remote" "-profile" "/tmp/rust_mozprofileg3Tyrn"
1653619943882	Marionette	INFO	Marionette enabled
Unsupported modifier, resource creation failed.
XXX: resource creation failed
Unsupported modifier, resource creation failed.
XXX: resource creation failed
console.warn: SearchSettings: "get: No settings file exists, new profile?" (new NotFoundError("Could not open the file at /tmp/rust_mozprofileg3Tyrn/search.json.mozlz4", (void 0)))
Unsupported modifier, resource creation failed.
XXX: resource creation failed
DevTools listening on ws://localhost:34509/devtools/browser/c1905fda-8489-4348-9f9d-c5b52c749239
1653619947189	Marionette	INFO	Listening on port 37019
Read port: 37019
1653619947306	RemoteAgent	WARN	TLS certificate errors will be ignored for this session
Unsupported modifier, resource creation failed.
XXX: resource creation failed
console.warn: LoginRecipes: "getRecipes: falling back to a synchronous message for:" "https://admin-demo.nopcommerce.com"
console.warn: LoginRecipes: "getRecipes: falling back to a synchronous message for:" "https://admin-demo.nopcommerce.com"
JavaScript error: resource://gre/modules/LoginManagerParent.jsm, line 136: TypeError: gRecipeManager is null
Unsupported modifier, resource creation failed.
XXX: resource creation failed
Unsupported modifier, resource creation failed.
XXX: resource creation failed
1653619952279	Marionette	WARN	TimedPromise timed out after 500 ms: stacktrace:
TimedPromise/<@chrome://remote/content/marionette/sync.js:235:19
TimedPromise@chrome://remote/content/marionette/sync.js:220:10
interaction.flushEventLoop@chrome://remote/content/marionette/interaction.js:431:10
webdriverClickElement@chrome://remote/content/marionette/interaction.js:179:31
Unsupported modifier, resource creation failed.
XXX: resource creation failed
1653619955171	Marionette	WARN	TimedPromise timed out after 500 ms: stacktrace:
TimedPromise/<@chrome://remote/content/marionette/sync.js:235:19
TimedPromise@chrome://remote/content/marionette/sync.js:220:10
interaction.flushEventLoop@chrome://remote/content/marionette/interaction.js:431:10
webdriverClickElement@chrome://remote/content/marionette/interaction.js:179:31
send@https://admin-demo.nopcommerce.com/lib_npm/jquery/jquery.min.js?v=meexYto0mAKr6PjyeE37ROc-We8:2:82613
ajax@https://admin-demo.nopcommerce.com/lib_npm/jquery/jquery.min.js?v=meexYto0mAKr6PjyeE37ROc-We8:2:78223
n.ajax@https://admin-demo.nopcommerce.com/js/CustomerList.Footer.scripts.js?v=xmzoCAzW3rGfXyFMlwN0-pJR2Ow:86:4297
t@https://admin-demo.nopcommerce.com/js/CustomerList.Footer.scripts.js?v=xmzoCAzW3rGfXyFMlwN0-pJR2Ow:92:42174
initOnce@https://admin-demo.nopcommerce.com/js/CustomerList.Footer.scripts.js?v=xmzoCAzW3rGfXyFMlwN0-pJR2Ow:92:42576
init@https://admin-demo.nopcommerce.com/js/CustomerList.Footer.scripts.js?v=xmzoCAzW3rGfXyFMlwN0-pJR2Ow:92:43224
@https://admin-demo.nopcommerce.com/Admin/Customer/List:1375:46
e@https://admin-demo.nopcommerce.com/lib_npm/jquery/jquery.min.js?v=meexYto0mAKr6PjyeE37ROc-We8:2:30005
Deferred/then/l/</t<@https://admin-demo.nopcommerce.com/lib_npm/jquery/jquery.min.js?v=meexYto0mAKr6PjyeE37ROc-We8:2:30307
1653619955496	geckodriver	INFO	Listening on 127.0.0.1:54553
1653619956011	mozrunner::runner	INFO	Running command: "/usr/bin/firefox" "--marionette" "--remote-debugging-port" "39405" "--remote-allow-hosts" "localhost" "-no-remote" "-profile" "/tmp/rust_mozprofileA1ZwUg"
1653619956791	Marionette	INFO	Marionette enabled
Unsupported modifier, resource creation failed.
XXX: resource creation failed
Unsupported modifier, resource creation failed.
XXX: resource creation failed
Unsupported modifier, resource creation failed.
XXX: resource creation failed
console.warn: SearchSettings: "get: No settings file exists, new profile?" (new NotFoundError("Could not open the file at /tmp/rust_mozprofileA1ZwUg/search.json.mozlz4", (void 0)))
Unsupported modifier, resource creation failed.
XXX: resource creation failed
DevTools listening on ws://localhost:39405/devtools/browser/713574a4-3816-4364-8b65-c990e70dcb61
1653619960043	Marionette	INFO	Listening on port 35483
Read port: 35483
1653619960147	RemoteAgent	WARN	TLS certificate errors will be ignored for this session
console.warn: LoginRecipes: "getRecipes: falling back to a synchronous message for:" "https://admin-demo.nopcommerce.com"
console.warn: LoginRecipes: "getRecipes: falling back to a synchronous message for:" "https://admin-demo.nopcommerce.com"
JavaScript error: resource://gre/modules/LoginManagerParent.jsm, line 136: TypeError: gRecipeManager is null
Unsupported modifier, resource creation failed.
XXX: resource creation failed
1653619964293	Marionette	INFO	Stopped listening on port 35483
JavaScript error: resource://gre/modules/UrlClassifierListManager.jsm, line 691: TypeError: this.tablesData[table] is undefined
JavaScript error: resource://services-settings/Utils.jsm, line 153: TypeError: NetworkError: Network request failed

###!!! [Parent][PImageBridgeParent] Error: RunMessage(msgname=PImageBridge::Msg_WillClose) Channel closing: too late to send/recv, messages will be lost

1653620020856	Marionette	INFO	Stopped listening on port 37019
console.warn: TopSitesFeed: Failed to fetch data from Contile server: NetworkError when attempting to fetch resource.
Sandbox: Unexpected EOF, op 0 flags 00 path /proc/cpuinfo
Unsupported modifier, resource creation failed.
XXX: resource creation failed
Unsupported modifier, resource creation failed.
XXX: resource creation failed
Unsupported modifier, resource creation failed.
XXX: resource creation failed
Unsupported modifier, resource creation failed.
XXX: resource creation failed
Unsupported modifier, resource creation failed.
XXX: resource creation failed
Unsupported modifier, resource creation failed.
XXX: resource creation failed
Unsupported modifier, resource creation failed.
XXX: resource creation failed
Unsupported modifier, resource creation failed.
XXX: resource creation failed
Unsupported modifier, resource creation failed.
XXX: resource creation failed
Unsupported modifier, resource creation failed.
XXX: resource creation failed
Unsupported modifier, resource creation failed.
XXX: resource creation failed
console.warn: LoginRecipes: "getRecipes: falling back to a synchronous message for:" "https://admin-demo.nopcommerce.com"
JavaScript error: resource://gre/modules/LoginManagerParent.jsm, line 136: TypeError: gRecipeManager is null
Unsupported modifier, resource creation failed.
XXX: resource creation failed
Unsupported modifier, resource creation failed.
XXX: resource creation failed
Unsupported modifier, resource creation failed.
XXX: resource creation failed
Unsupported modifier, resource creation failed.
XXX: resource creation failed
Unsupported modifier, resource creation failed.
XXX: resource creation failed
Unsupported modifier, resource creation failed.
XXX: resource creation failed
1653620044973	Marionette	INFO	Stopped listening on port 38615
console.warn: TopSitesFeed: Failed to fetch data from Contile server: NetworkError when attempting to fetch resource.

###!!! [Parent][PImageBridgeParent] Error: RunMessage(msgname=PImageBridge::Msg_WillClose) Channel closing: too late to send/recv, messages will be lost

1653621776721	geckodriver	INFO	Listening on 127.0.0.1:45729
1653621776725	mozrunner::runner	INFO	Running command: "/usr/bin/firefox" "--marionette" "--remote-debugging-port" "37805" "--remote-allow-hosts" "localhost" "-no-remote" "-profile" "/tmp/rust_mozprofile2UQr3R"
1653621777410	Marionette	INFO	Marionette enabled
Unsupported modifier, resource creation failed.
XXX: resource creation failed
Unsupported modifier, resource creation failed.
XXX: resource creation failed
Unsupported modifier, resource creation failed.
XXX: resource creation failed
console.warn: SearchSettings: "get: No settings file exists, new profile?" (new NotFoundError("Could not open the file at /tmp/rust_mozprofile2UQr3R/search.json.mozlz4", (void 0)))
DevTools listening on ws://localhost:37805/devtools/browser/0c44c79f-5de5-4606-a9ff-36256173eac7
1653621781023	Marionette	INFO	Listening on port 39869
Read port: 39869
1653621781057	RemoteAgent	WARN	TLS certificate errors will be ignored for this session
Unsupported modifier, resource creation failed.
XXX: resource creation failed
JavaScript error: resource://activity-stream/lib/ActivityStreamPrefs.jsm, line 27: NS_ERROR_ILLEGAL_VALUE: Component returned failure code: 0x80070057 (NS_ERROR_ILLEGAL_VALUE) [nsIPrefBranch.removeObserver]
1653621782848	Marionette	INFO	Stopped listening on port 39869
JavaScript error: resource://autofill/FormAutofillHandler.jsm, line 1348: TypeError: this.window is null
JavaScript error: chrome://remote/content/marionette/cert.js, line 55: NS_ERROR_NOT_AVAILABLE: Component returned failure code: 0x80040111 (NS_ERROR_NOT_AVAILABLE) [nsICertOverrideService.setDisableAllSecurityChecksAndLetAttackersInterceptMyData]
JavaScript error: resource://gre/modules/Sqlite.jsm, line 963: Error: Error(s) encountered during statement execution: disk I/O error
1653621782911	geckodriver::marionette	ERROR	Failed to close browser connection: Socket not connected (os error 107)
1653621783029	geckodriver	INFO	Listening on 127.0.0.1:47741
1653621783534	mozrunner::runner	INFO	Running command: "/usr/bin/firefox" "--marionette" "--remote-debugging-port" "47515" "--remote-allow-hosts" "localhost" "-no-remote" "-profile" "/tmp/rust_mozprofileY86ODh"
JavaScript error: resource://gre/modules/JSONFile.jsm, line 186: Error: Data is not ready.
1653621784720	Marionette	INFO	Marionette enabled
console.log: "RemoteSettingsWorker error: Error: IndexedDB: Error accessing remote-settings IDB at version 3"
console.log: "RemoteSettingsWorker error: Error: Can't import when we've started shutting down."
console.log: "RemoteSettingsWorker error: Error: Can't import when we've started shutting down."
console.log: "RemoteSettingsWorker error: Error: Can't import when we've started shutting down."
console.log: "RemoteSettingsWorker error: Error: Can't import when we've started shutting down."
console.log: "RemoteSettingsWorker error: Error: Can't import when we've started shutting down."
console.log: "RemoteSettingsWorker error: Error: Can't import when we've started shutting down."
JavaScript error: resource://gre/modules/AsyncShutdown.jsm, line 718: Error: Phase "profile-before-change" is finished, it is too late to register completion condition "DoHController: clear state and remove observers"
console.warn: TopSitesFeed: Failed to fetch data from Contile server: NetworkError when attempting to fetch resource.
JavaScript error: resource://activity-stream/lib/PlacesFeed.jsm, line 178: NS_ERROR_UNEXPECTED: Component returned failure code: 0x8000ffff (NS_ERROR_UNEXPECTED) [nsINavBookmarksService.addObserver]
JavaScript error: resource://gre/modules/JSONFile.jsm, line 138: AbortError: IOUtils.profileBeforeChange getter: IOUtils: profileBeforeChange phase has already finished
Unsupported modifier, resource creation failed.
XXX: resource creation failed
[2022-05-27T03:23:07Z ERROR glean] Can't persist ping lifetime data: Error { kind: Rkv(IoError(Os { code: 2, kind: NotFound, message: "No such file or directory" })) }
Unsupported modifier, resource creation failed.
XXX: resource creation failed
1653621787981	Marionette	WARN	TimedPromise timed out after 5000 ms: stacktrace:
TimedPromise/<@chrome://remote/content/marionette/sync.js:235:19
TimedPromise@chrome://remote/content/marionette/sync.js:220:10
GeckoDriver.prototype.maximizeWindow@chrome://remote/content/marionette/driver.js:2346:11
observe@resource://gre/modules/AsyncShutdown.jsm:575:16
Marionette threw an error: [Exception... "Failure"  nsresult: "0x80004005 (NS_ERROR_FAILURE)"  location: "JS frame :: chrome://remote/content/marionette/browser.js :: get rect :: line 146"  data: no]
get rect@chrome://remote/content/marionette/browser.js:146:7
GeckoDriver.prototype.maximizeWindow@chrome://remote/content/marionette/driver.js:2358:3

JavaScript error: chrome://remote/content/marionette/driver.js, line 2125: NS_ERROR_ILLEGAL_VALUE: Component returned failure code: 0x80070057 (NS_ERROR_ILLEGAL_VALUE) [nsIObserverService.removeObserver]
Unsupported modifier, resource creation failed.
XXX: resource creation failed
console.warn: SearchSettings: "get: No settings file exists, new profile?" (new NotFoundError("Could not open the file at /tmp/rust_mozprofileY86ODh/search.json.mozlz4", (void 0)))
DevTools listening on ws://localhost:47515/devtools/browser/b31f162a-56a4-4156-b672-5573f97ce5f9
1653621790020	Marionette	INFO	Listening on port 46839
Read port: 46839
1653621790087	RemoteAgent	WARN	TLS certificate errors will be ignored for this session
Unsupported modifier, resource creation failed.
XXX: resource creation failed
1653621791566	Marionette	INFO	Stopped listening on port 46839
Marionette threw an error: NotFoundError: WindowGlobalParent.getActor: No such JSWindowActor 'MarionetteCommands'
getMarionetteCommandsActorProxy/get/<@chrome://remote/content/marionette/actors/MarionetteCommandsParent.jsm:332:65
unregisterCommandsActor@chrome://remote/content/marionette/actors/MarionetteCommandsParent.jsm:396:15
GeckoDriver.prototype.deleteSession@chrome://remote/content/marionette/driver.js:2132:3
onClosed@chrome://remote/content/marionette/server.js:209:17
close@chrome://remote/content/marionette/transport.js:221:18
onInputStreamReady@chrome://remote/content/marionette/transport.js:375:14

JavaScript error: chrome://remote/content/marionette/cert.js, line 55: NS_ERROR_NOT_AVAILABLE: Component returned failure code: 0x80040111 (NS_ERROR_NOT_AVAILABLE) [nsICertOverrideService.setDisableAllSecurityChecksAndLetAttackersInterceptMyData]
JavaScript error: chrome://remote/content/marionette/driver.js, line 2125: NS_ERROR_ILLEGAL_VALUE: Component returned failure code: 0x80070057 (NS_ERROR_ILLEGAL_VALUE) [nsIObserverService.removeObserver]
1653621791637	geckodriver::marionette	ERROR	Failed to close browser connection: Socket not connected (os error 107)
JavaScript error: resource://autofill/FormAutofillHandler.jsm, line 1348: TypeError: this.window is null
JavaScript error: , line 0: NotFoundError: No such JSWindowActor 'MarionetteCommands'
JavaScript error: resource://gre/modules/UrlClassifierListManager.jsm, line 691: TypeError: this.tablesData[table] is undefined
JavaScript error: , line 0: UnknownError: The operation failed for reasons unrelated to the database itself and not covered by any other error code.
console.log: "RemoteSettingsWorker error: Error: IndexedDB: Error accessing remote-settings IDB at version 3"
console.log: "RemoteSettingsWorker error: Error: Can't import when we've started shutting down."
console.log: "RemoteSettingsWorker error: Error: Can't import when we've started shutting down."
console.log: "RemoteSettingsWorker error: Error: Can't import when we've started shutting down."
console.log: "RemoteSettingsWorker error: Error: Can't import when we've started shutting down."
console.log: "RemoteSettingsWorker error: Error: Can't import when we've started shutting down."
console.log: "RemoteSettingsWorker error: Error: Can't import when we've started shutting down."

###!!! [Parent][DispatchAsyncMessage] Error: PBackgroundIDBFactory::Msg_PBackgroundIDBFactoryRequestConstructor Value error: message was deserialized, but contained an illegal value


###!!! [Parent][DispatchAsyncMessage] Error: PBackgroundIDBFactory::Msg_PBackgroundIDBFactoryRequestConstructor Value error: message was deserialized, but contained an illegal value

JavaScript error: resource://gre/modules/AsyncShutdown.jsm, line 718: Error: Phase "profile-before-change" is finished, it is too late to register completion condition "DoHController: clear state and remove observers"
[2022-05-27T03:23:13Z ERROR glean] Can't persist ping lifetime data: Error { kind: Rkv(IoError(Os { code: 2, kind: NotFound, message: "No such file or directory" })) }
JavaScript error: resource://gre/modules/CrashManager.jsm, line 898: AbortError: IOUtils: Shutting down and refusing additional I/O tasks
JavaScript error: resource://gre/modules/CrashManager.jsm, line 898: AbortError: IOUtils: Shutting down and refusing additional I/O tasks
RunWatchdog: Mainthread nested event loops during hang: 
 --- (no nested event loop active)
ExceptionHandler::GenerateDump cloned child 49395ExceptionHandler::WaitForContinueSignal waiting for continue signal...

ExceptionHandler::SendContinueSignalToChild sent continue signal to child
RunWatchdog: Mainthread nested event loops during hang: 
 --- (no nested event loop active)
ExceptionHandler::GenerateDump cloned child 49424
ExceptionHandler::SendContinueSignalToChild sent continue signal to child
ExceptionHandler::WaitForContinueSignal waiting for continue signal...
1653622316935	geckodriver	INFO	Listening on 127.0.0.1:39927
1653622317424	mozrunner::runner	INFO	Running command: "/usr/bin/firefox" "--marionette" "--remote-debugging-port" "59141" "--remote-allow-hosts" "localhost" "-no-remote" "-profile" "/tmp/rust_mozprofileNmRGy4"
1653622318505	Marionette	INFO	Marionette enabled
Unsupported modifier, resource creation failed.
XXX: resource creation failed
Unsupported modifier, resource creation failed.
XXX: resource creation failed
console.warn: SearchSettings: "get: No settings file exists, new profile?" (new NotFoundError("Could not open the file at /tmp/rust_mozprofileNmRGy4/search.json.mozlz4", (void 0)))
Unsupported modifier, resource creation failed.
XXX: resource creation failed
DevTools listening on ws://localhost:59141/devtools/browser/6030b7ed-3b8e-4fb3-88f2-8ed25a768ee6
1653622323167	Marionette	INFO	Listening on port 33021
Read port: 33021
1653622323279	RemoteAgent	WARN	TLS certificate errors will be ignored for this session
console.warn: LoginRecipes: "getRecipes: falling back to a synchronous message for:" "https://admin-demo.nopcommerce.com"
console.warn: LoginRecipes: "getRecipes: falling back to a synchronous message for:" "https://admin-demo.nopcommerce.com"
JavaScript error: resource://gre/modules/LoginManagerParent.jsm, line 136: TypeError: gRecipeManager is null
Unsupported modifier, resource creation failed.
XXX: resource creation failed
1653622327990	Marionette	WARN	TimedPromise timed out after 500 ms: stacktrace:
TimedPromise/<@chrome://remote/content/marionette/sync.js:235:19
TimedPromise@chrome://remote/content/marionette/sync.js:220:10
interaction.flushEventLoop@chrome://remote/content/marionette/interaction.js:431:10
webdriverClickElement@chrome://remote/content/marionette/interaction.js:179:31
send@https://admin-demo.nopcommerce.com/lib_npm/jquery/jquery.min.js?v=meexYto0mAKr6PjyeE37ROc-We8:2:82613
ajax@https://admin-demo.nopcommerce.com/lib_npm/jquery/jquery.min.js?v=meexYto0mAKr6PjyeE37ROc-We8:2:78223
n.ajax@https://admin-demo.nopcommerce.com/js/HomeIndex.Footer.scripts.js?v=p85S1lLwdXzndIrgTxy2jRef03c:86:4297
t@https://admin-demo.nopcommerce.com/js/HomeIndex.Footer.scripts.js?v=p85S1lLwdXzndIrgTxy2jRef03c:92:42174
initOnce@https://admin-demo.nopcommerce.com/js/HomeIndex.Footer.scripts.js?v=p85S1lLwdXzndIrgTxy2jRef03c:92:42576
init@https://admin-demo.nopcommerce.com/js/HomeIndex.Footer.scripts.js?v=p85S1lLwdXzndIrgTxy2jRef03c:92:43224
@https://admin-demo.nopcommerce.com/admin/:2518:46
e@https://admin-demo.nopcommerce.com/lib_npm/jquery/jquery.min.js?v=meexYto0mAKr6PjyeE37ROc-We8:2:30005
Deferred/then/l/</t<@https://admin-demo.nopcommerce.com/lib_npm/jquery/jquery.min.js?v=meexYto0mAKr6PjyeE37ROc-We8:2:30307
Unsupported modifier, resource creation failed.
XXX: resource creation failed
1653622328512	geckodriver	INFO	Listening on 127.0.0.1:51599
1653622329021	mozrunner::runner	INFO	Running command: "/usr/bin/firefox" "--marionette" "--remote-debugging-port" "59899" "--remote-allow-hosts" "localhost" "-no-remote" "-profile" "/tmp/rust_mozprofileVeofK7"
1653622329754	Marionette	INFO	Marionette enabled
Unsupported modifier, resource creation failed.
XXX: resource creation failed
Unsupported modifier, resource creation failed.
XXX: resource creation failed
Unsupported modifier, resource creation failed.
XXX: resource creation failed
console.warn: SearchSettings: "get: No settings file exists, new profile?" (new NotFoundError("Could not open the file at /tmp/rust_mozprofileVeofK7/search.json.mozlz4", (void 0)))
Unsupported modifier, resource creation failed.
XXX: resource creation failed
DevTools listening on ws://localhost:59899/devtools/browser/a678532f-2e8b-4a5f-94f6-01c38876719c
1653622333576	Marionette	INFO	Listening on port 46401
Read port: 46401
1653622333658	RemoteAgent	WARN	TLS certificate errors will be ignored for this session
console.warn: LoginRecipes: "getRecipes: falling back to a synchronous message for:" "https://admin-demo.nopcommerce.com"
console.warn: LoginRecipes: "getRecipes: falling back to a synchronous message for:" "https://admin-demo.nopcommerce.com"
JavaScript error: resource://gre/modules/LoginManagerParent.jsm, line 136: TypeError: gRecipeManager is null
Unsupported modifier, resource creation failed.
XXX: resource creation failed
Unsupported modifier, resource creation failed.
XXX: resource creation failed
1653622337110	Marionette	INFO	Stopped listening on port 46401
JavaScript error: resource://gre/modules/UrlClassifierListManager.jsm, line 691: TypeError: this.tablesData[table] is undefined
JavaScript error: https://admin-demo.nopcommerce.com/lib_npm/jquery/jquery.min.js?v=meexYto0mAKr6PjyeE37ROc-We8, line 2: NS_ERROR_NOT_INITIALIZED: 
JavaScript error: resource://services-settings/RemoteSettingsWorker.jsm, line 143: Error: Shutdown, aborting read-only worker requests.
Unsupported modifier, resource creation failed.
XXX: resource creation failed
1653622364079	Marionette	INFO	Stopped listening on port 33021
console.warn: TopSitesFeed: Failed to fetch data from Contile server: NetworkError when attempting to fetch resource.
Sandbox: Unexpected EOF, op 0 flags 00 path /proc/cpuinfo
1653622373409	geckodriver	INFO	Listening on 127.0.0.1:42619
1653622373414	mozrunner::runner	INFO	Running command: "/usr/bin/firefox" "--marionette" "--remote-debugging-port" "41227" "--remote-allow-hosts" "localhost" "-no-remote" "-profile" "/tmp/rust_mozprofile4H9kM7"
1653622374111	Marionette	INFO	Marionette enabled
Unsupported modifier, resource creation failed.
XXX: resource creation failed
console.warn: SearchSettings: "get: No settings file exists, new profile?" (new NotFoundError("Could not open the file at /tmp/rust_mozprofile4H9kM7/search.json.mozlz4", (void 0)))
Unsupported modifier, resource creation failed.
XXX: resource creation failed
Unsupported modifier, resource creation failed.
XXX: resource creation failed
DevTools listening on ws://localhost:41227/devtools/browser/2407f6e7-fa4e-459a-b5c9-dea72b5c5b41
1653622377651	Marionette	INFO	Listening on port 40865
Read port: 40865
1653622377745	RemoteAgent	WARN	TLS certificate errors will be ignored for this session
Unsupported modifier, resource creation failed.
XXX: resource creation failed
console.warn: LoginRecipes: "getRecipes: falling back to a synchronous message for:" "https://admin-demo.nopcommerce.com"
console.warn: LoginRecipes: "getRecipes: falling back to a synchronous message for:" "https://admin-demo.nopcommerce.com"
JavaScript error: resource://gre/modules/LoginManagerParent.jsm, line 136: TypeError: gRecipeManager is null
Unsupported modifier, resource creation failed.
XXX: resource creation failed
1653622382092	Marionette	WARN	TimedPromise timed out after 500 ms: stacktrace:
TimedPromise/<@chrome://remote/content/marionette/sync.js:235:19
TimedPromise@chrome://remote/content/marionette/sync.js:220:10
interaction.flushEventLoop@chrome://remote/content/marionette/interaction.js:431:10
webdriverClickElement@chrome://remote/content/marionette/interaction.js:179:31
send@https://admin-demo.nopcommerce.com/lib_npm/jquery/jquery.min.js?v=meexYto0mAKr6PjyeE37ROc-We8:2:82613
ajax@https://admin-demo.nopcommerce.com/lib_npm/jquery/jquery.min.js?v=meexYto0mAKr6PjyeE37ROc-We8:2:78223
n.ajax@https://admin-demo.nopcommerce.com/js/HomeIndex.Footer.scripts.js?v=p85S1lLwdXzndIrgTxy2jRef03c:86:4297
t@https://admin-demo.nopcommerce.com/js/HomeIndex.Footer.scripts.js?v=p85S1lLwdXzndIrgTxy2jRef03c:92:42174
initOnce@https://admin-demo.nopcommerce.com/js/HomeIndex.Footer.scripts.js?v=p85S1lLwdXzndIrgTxy2jRef03c:92:42576
init@https://admin-demo.nopcommerce.com/js/HomeIndex.Footer.scripts.js?v=p85S1lLwdXzndIrgTxy2jRef03c:92:43224
@https://admin-demo.nopcommerce.com/admin/:2518:46
e@https://admin-demo.nopcommerce.com/lib_npm/jquery/jquery.min.js?v=meexYto0mAKr6PjyeE37ROc-We8:2:30005
Deferred/then/l/</t<@https://admin-demo.nopcommerce.com/lib_npm/jquery/jquery.min.js?v=meexYto0mAKr6PjyeE37ROc-We8:2:30307
1653622382442	geckodriver	INFO	Listening on 127.0.0.1:46301
1653622382946	mozrunner::runner	INFO	Running command: "/usr/bin/firefox" "--marionette" "--remote-debugging-port" "58767" "--remote-allow-hosts" "localhost" "-no-remote" "-profile" "/tmp/rust_mozprofile8WOXqB"
1653622383648	Marionette	INFO	Marionette enabled
Unsupported modifier, resource creation failed.
XXX: resource creation failed
Unsupported modifier, resource creation failed.
XXX: resource creation failed
console.warn: SearchSettings: "get: No settings file exists, new profile?" (new NotFoundError("Could not open the file at /tmp/rust_mozprofile8WOXqB/search.json.mozlz4", (void 0)))
Unsupported modifier, resource creation failed.
XXX: resource creation failed
Unsupported modifier, resource creation failed.
XXX: resource creation failed
DevTools listening on ws://localhost:58767/devtools/browser/0630fa25-592c-448e-985d-c77cc81b94db
1653622386826	Marionette	INFO	Listening on port 38233
Read port: 38233
1653622386878	RemoteAgent	WARN	TLS certificate errors will be ignored for this session
console.warn: LoginRecipes: "getRecipes: falling back to a synchronous message for:" "https://admin-demo.nopcommerce.com"
console.warn: LoginRecipes: "getRecipes: falling back to a synchronous message for:" "https://admin-demo.nopcommerce.com"
JavaScript error: resource://gre/modules/LoginManagerParent.jsm, line 136: TypeError: gRecipeManager is null
Unsupported modifier, resource creation failed.
XXX: resource creation failed
1653622390657	Marionette	INFO	Stopped listening on port 38233
JavaScript error: resource://gre/modules/UrlClassifierListManager.jsm, line 691: TypeError: this.tablesData[table] is undefined
JavaScript error: https://admin-demo.nopcommerce.com/lib_npm/jquery/jquery.min.js?v=meexYto0mAKr6PjyeE37ROc-We8, line 2: NS_ERROR_NOT_INITIALIZED: 
JavaScript error: resource://services-settings/RemoteSettingsWorker.jsm, line 143: Error: Shutdown, aborting read-only worker requests.
1653622401219	Marionette	INFO	Stopped listening on port 40865
console.warn: TopSitesFeed: Failed to fetch data from Contile server: NetworkError when attempting to fetch resource.
1653622410966	geckodriver	INFO	Listening on 127.0.0.1:57841
1653622410971	mozrunner::runner	INFO	Running command: "/usr/bin/firefox" "--marionette" "--remote-debugging-port" "51335" "--remote-allow-hosts" "localhost" "-no-remote" "-profile" "/tmp/rust_mozprofileFH3fn5"
1653622411639	Marionette	INFO	Marionette enabled
Unsupported modifier, resource creation failed.
XXX: resource creation failed
Unsupported modifier, resource creation failed.
XXX: resource creation failed
Unsupported modifier, resource creation failed.
XXX: resource creation failed
console.warn: SearchSettings: "get: No settings file exists, new profile?" (new NotFoundError("Could not open the file at /tmp/rust_mozprofileFH3fn5/search.json.mozlz4", (void 0)))
DevTools listening on ws://localhost:51335/devtools/browser/d102a90e-44ce-471c-b1e1-f24dec6fdcb9
1653622415273	Marionette	INFO	Listening on port 33739
Read port: 33739
1653622415298	RemoteAgent	WARN	TLS certificate errors will be ignored for this session
console.warn: LoginRecipes: "getRecipes: falling back to a synchronous message for:" "https://admin-demo.nopcommerce.com"
console.warn: LoginRecipes: "getRecipes: falling back to a synchronous message for:" "https://admin-demo.nopcommerce.com"
JavaScript error: resource://gre/modules/LoginManagerParent.jsm, line 136: TypeError: gRecipeManager is null
Unsupported modifier, resource creation failed.
XXX: resource creation failed
1653622421520	Marionette	WARN	TimedPromise timed out after 500 ms: stacktrace:
TimedPromise/<@chrome://remote/content/marionette/sync.js:235:19
TimedPromise@chrome://remote/content/marionette/sync.js:220:10
interaction.flushEventLoop@chrome://remote/content/marionette/interaction.js:431:10
webdriverClickElement@chrome://remote/content/marionette/interaction.js:179:31
send@https://admin-demo.nopcommerce.com/lib_npm/jquery/jquery.min.js?v=meexYto0mAKr6PjyeE37ROc-We8:2:82613
ajax@https://admin-demo.nopcommerce.com/lib_npm/jquery/jquery.min.js?v=meexYto0mAKr6PjyeE37ROc-We8:2:78223
n.ajax@https://admin-demo.nopcommerce.com/js/HomeIndex.Footer.scripts.js?v=p85S1lLwdXzndIrgTxy2jRef03c:86:4297
t@https://admin-demo.nopcommerce.com/js/HomeIndex.Footer.scripts.js?v=p85S1lLwdXzndIrgTxy2jRef03c:92:42174
initOnce@https://admin-demo.nopcommerce.com/js/HomeIndex.Footer.scripts.js?v=p85S1lLwdXzndIrgTxy2jRef03c:92:42576
init@https://admin-demo.nopcommerce.com/js/HomeIndex.Footer.scripts.js?v=p85S1lLwdXzndIrgTxy2jRef03c:92:43224
@https://admin-demo.nopcommerce.com/admin/:2518:46
e@https://admin-demo.nopcommerce.com/lib_npm/jquery/jquery.min.js?v=meexYto0mAKr6PjyeE37ROc-We8:2:30005
Deferred/then/l/</t<@https://admin-demo.nopcommerce.com/lib_npm/jquery/jquery.min.js?v=meexYto0mAKr6PjyeE37ROc-We8:2:30307
1653622421869	geckodriver	INFO	Listening on 127.0.0.1:49011
1653622422384	mozrunner::runner	INFO	Running command: "/usr/bin/firefox" "--marionette" "--remote-debugging-port" "51761" "--remote-allow-hosts" "localhost" "-no-remote" "-profile" "/tmp/rust_mozprofileWeXhhl"
1653622423304	Marionette	INFO	Marionette enabled
Unsupported modifier, resource creation failed.
XXX: resource creation failed
Unsupported modifier, resource creation failed.
XXX: resource creation failed
Unsupported modifier, resource creation failed.
XXX: resource creation failed
console.warn: SearchSettings: "get: No settings file exists, new profile?" (new NotFoundError("Could not open the file at /tmp/rust_mozprofileWeXhhl/search.json.mozlz4", (void 0)))
Unsupported modifier, resource creation failed.
XXX: resource creation failed
DevTools listening on ws://localhost:51761/devtools/browser/edbad5bb-11b4-44d9-8e72-a99905c69ed2
1653622426521	Marionette	INFO	Listening on port 35895
Read port: 35895
1653622426610	RemoteAgent	WARN	TLS certificate errors will be ignored for this session
Unsupported modifier, resource creation failed.
XXX: resource creation failed
console.warn: LoginRecipes: "getRecipes: falling back to a synchronous message for:" "https://admin-demo.nopcommerce.com"
console.warn: LoginRecipes: "getRecipes: falling back to a synchronous message for:" "https://admin-demo.nopcommerce.com"
JavaScript error: resource://gre/modules/LoginManagerParent.jsm, line 136: TypeError: gRecipeManager is null
1653622430464	Marionette	INFO	Stopped listening on port 35895
JavaScript error: resource://gre/modules/UrlClassifierListManager.jsm, line 691: TypeError: this.tablesData[table] is undefined
JavaScript error: resource://services-settings/Utils.jsm, line 153: TypeError: NetworkError: Network request failed

###!!! [Parent][PImageBridgeParent] Error: RunMessage(msgname=PImageBridge::Msg_WillClose) Channel closing: too late to send/recv, messages will be lost

1653622434743	Marionette	INFO	Stopped listening on port 33739
console.warn: TopSitesFeed: Failed to fetch data from Contile server: NetworkError when attempting to fetch resource.
1653622446189	geckodriver	INFO	Listening on 127.0.0.1:52473
1653622446194	mozrunner::runner	INFO	Running command: "/usr/bin/firefox" "--marionette" "--remote-debugging-port" "35901" "--remote-allow-hosts" "localhost" "-no-remote" "-profile" "/tmp/rust_mozprofileW1jCxv"
1653622446903	Marionette	INFO	Marionette enabled
Unsupported modifier, resource creation failed.
XXX: resource creation failed
Unsupported modifier, resource creation failed.
XXX: resource creation failed
console.warn: SearchSettings: "get: No settings file exists, new profile?" (new NotFoundError("Could not open the file at /tmp/rust_mozprofileW1jCxv/search.json.mozlz4", (void 0)))
Unsupported modifier, resource creation failed.
XXX: resource creation failed
DevTools listening on ws://localhost:35901/devtools/browser/5bbaf51c-4abb-4780-ac93-dd358825c199
1653622450749	Marionette	INFO	Listening on port 45329
Read port: 45329
1653622450824	RemoteAgent	WARN	TLS certificate errors will be ignored for this session
console.warn: LoginRecipes: "getRecipes: falling back to a synchronous message for:" "https://admin-demo.nopcommerce.com"
console.warn: LoginRecipes: "getRecipes: falling back to a synchronous message for:" "https://admin-demo.nopcommerce.com"
JavaScript error: resource://gre/modules/LoginManagerParent.jsm, line 136: TypeError: gRecipeManager is null
Unsupported modifier, resource creation failed.
XXX: resource creation failed
1653622455790	Marionette	WARN	TimedPromise timed out after 500 ms: stacktrace:
TimedPromise/<@chrome://remote/content/marionette/sync.js:235:19
TimedPromise@chrome://remote/content/marionette/sync.js:220:10
interaction.flushEventLoop@chrome://remote/content/marionette/interaction.js:431:10
webdriverClickElement@chrome://remote/content/marionette/interaction.js:179:31
send@https://admin-demo.nopcommerce.com/lib_npm/jquery/jquery.min.js?v=meexYto0mAKr6PjyeE37ROc-We8:2:82613
ajax@https://admin-demo.nopcommerce.com/lib_npm/jquery/jquery.min.js?v=meexYto0mAKr6PjyeE37ROc-We8:2:78223
n.ajax@https://admin-demo.nopcommerce.com/js/HomeIndex.Footer.scripts.js?v=p85S1lLwdXzndIrgTxy2jRef03c:86:4297
t@https://admin-demo.nopcommerce.com/js/HomeIndex.Footer.scripts.js?v=p85S1lLwdXzndIrgTxy2jRef03c:92:42174
initOnce@https://admin-demo.nopcommerce.com/js/HomeIndex.Footer.scripts.js?v=p85S1lLwdXzndIrgTxy2jRef03c:92:42576
init@https://admin-demo.nopcommerce.com/js/HomeIndex.Footer.scripts.js?v=p85S1lLwdXzndIrgTxy2jRef03c:92:43224
@https://admin-demo.nopcommerce.com/admin/:2518:46
e@https://admin-demo.nopcommerce.com/lib_npm/jquery/jquery.min.js?v=meexYto0mAKr6PjyeE37ROc-We8:2:30005
Deferred/then/l/</t<@https://admin-demo.nopcommerce.com/lib_npm/jquery/jquery.min.js?v=meexYto0mAKr6PjyeE37ROc-We8:2:30307
1653622456227	geckodriver	INFO	Listening on 127.0.0.1:58279
1653622456739	mozrunner::runner	INFO	Running command: "/usr/bin/firefox" "--marionette" "--remote-debugging-port" "54055" "--remote-allow-hosts" "localhost" "-no-remote" "-profile" "/tmp/rust_mozprofilecMI1aH"
1653622457526	Marionette	INFO	Marionette enabled
Unsupported modifier, resource creation failed.
XXX: resource creation failed
Unsupported modifier, resource creation failed.
XXX: resource creation failed
Unsupported modifier, resource creation failed.
XXX: resource creation failed
Unsupported modifier, resource creation failed.
XXX: resource creation failed
Unsupported modifier, resource creation failed.
XXX: resource creation failed
console.warn: SearchSettings: "get: No settings file exists, new profile?" (new NotFoundError("Could not open the file at /tmp/rust_mozprofilecMI1aH/search.json.mozlz4", (void 0)))
DevTools listening on ws://localhost:54055/devtools/browser/8405b61c-0fe3-493e-a722-412f6ea1975e
1653622460987	Marionette	INFO	Listening on port 44657
Read port: 44657
1653622461093	RemoteAgent	WARN	TLS certificate errors will be ignored for this session
console.warn: LoginRecipes: "getRecipes: falling back to a synchronous message for:" "https://admin-demo.nopcommerce.com"
console.warn: LoginRecipes: "getRecipes: falling back to a synchronous message for:" "https://admin-demo.nopcommerce.com"
JavaScript error: resource://gre/modules/LoginManagerParent.jsm, line 136: TypeError: gRecipeManager is null
Unsupported modifier, resource creation failed.
XXX: resource creation failed
1653622465722	Marionette	INFO	Stopped listening on port 44657
JavaScript error: https://admin-demo.nopcommerce.com/lib_npm/jquery/jquery.min.js?v=meexYto0mAKr6PjyeE37ROc-We8, line 2: NS_ERROR_NOT_INITIALIZED: 
JavaScript error: resource://services-settings/Utils.jsm, line 153: TypeError: NetworkError: Network request failed
1653622478748	Marionette	INFO	Stopped listening on port 45329
console.warn: TopSitesFeed: Failed to fetch data from Contile server: NetworkError when attempting to fetch resource.
1653622491039	geckodriver	INFO	Listening on 127.0.0.1:56041
1653622491044	mozrunner::runner	INFO	Running command: "/usr/bin/firefox" "--marionette" "--remote-debugging-port" "46691" "--remote-allow-hosts" "localhost" "-no-remote" "-profile" "/tmp/rust_mozprofile7Op0QU"
1653622491710	Marionette	INFO	Marionette enabled
Unsupported modifier, resource creation failed.
XXX: resource creation failed
Unsupported modifier, resource creation failed.
XXX: resource creation failed
console.warn: SearchSettings: "get: No settings file exists, new profile?" (new NotFoundError("Could not open the file at /tmp/rust_mozprofile7Op0QU/search.json.mozlz4", (void 0)))
Unsupported modifier, resource creation failed.
XXX: resource creation failed
DevTools listening on ws://localhost:46691/devtools/browser/bbca5644-e352-42a9-9d76-9f16aa6b8696
1653622494978	Marionette	INFO	Listening on port 40881
Read port: 40881
1653622495066	RemoteAgent	WARN	TLS certificate errors will be ignored for this session
console.warn: LoginRecipes: "getRecipes: falling back to a synchronous message for:" "https://admin-demo.nopcommerce.com"
console.warn: LoginRecipes: "getRecipes: falling back to a synchronous message for:" "https://admin-demo.nopcommerce.com"
JavaScript error: resource://gre/modules/LoginManagerParent.jsm, line 136: TypeError: gRecipeManager is null
Unsupported modifier, resource creation failed.
XXX: resource creation failed
Unsupported modifier, resource creation failed.
XXX: resource creation failed
Unsupported modifier, resource creation failed.
XXX: resource creation failed
1653622501849	Marionette	WARN	TimedPromise timed out after 500 ms: stacktrace:
TimedPromise/<@chrome://remote/content/marionette/sync.js:235:19
TimedPromise@chrome://remote/content/marionette/sync.js:220:10
interaction.flushEventLoop@chrome://remote/content/marionette/interaction.js:431:10
webdriverClickElement@chrome://remote/content/marionette/interaction.js:179:31
send@https://admin-demo.nopcommerce.com/lib_npm/jquery/jquery.min.js?v=meexYto0mAKr6PjyeE37ROc-We8:2:82613
ajax@https://admin-demo.nopcommerce.com/lib_npm/jquery/jquery.min.js?v=meexYto0mAKr6PjyeE37ROc-We8:2:78223
n.ajax@https://admin-demo.nopcommerce.com/js/CustomerList.Footer.scripts.js?v=xmzoCAzW3rGfXyFMlwN0-pJR2Ow:86:4297
t@https://admin-demo.nopcommerce.com/js/CustomerList.Footer.scripts.js?v=xmzoCAzW3rGfXyFMlwN0-pJR2Ow:92:42174
initOnce@https://admin-demo.nopcommerce.com/js/CustomerList.Footer.scripts.js?v=xmzoCAzW3rGfXyFMlwN0-pJR2Ow:92:42576
init@https://admin-demo.nopcommerce.com/js/CustomerList.Footer.scripts.js?v=xmzoCAzW3rGfXyFMlwN0-pJR2Ow:92:43224
@https://admin-demo.nopcommerce.com/Admin/Customer/List:1375:46
e@https://admin-demo.nopcommerce.com/lib_npm/jquery/jquery.min.js?v=meexYto0mAKr6PjyeE37ROc-We8:2:30005
Deferred/then/l/</t<@https://admin-demo.nopcommerce.com/lib_npm/jquery/jquery.min.js?v=meexYto0mAKr6PjyeE37ROc-We8:2:30307
1653622502154	geckodriver	INFO	Listening on 127.0.0.1:58125
1653622502658	mozrunner::runner	INFO	Running command: "/usr/bin/firefox" "--marionette" "--remote-debugging-port" "35211" "--remote-allow-hosts" "localhost" "-no-remote" "-profile" "/tmp/rust_mozprofilewunKXr"
1653622503408	Marionette	INFO	Marionette enabled
Unsupported modifier, resource creation failed.
XXX: resource creation failed
Unsupported modifier, resource creation failed.
XXX: resource creation failed
Unsupported modifier, resource creation failed.
XXX: resource creation failed
console.warn: SearchSettings: "get: No settings file exists, new profile?" (new NotFoundError("Could not open the file at /tmp/rust_mozprofilewunKXr/search.json.mozlz4", (void 0)))
Unsupported modifier, resource creation failed.
XXX: resource creation failed
DevTools listening on ws://localhost:35211/devtools/browser/19d7c866-17ca-4fb5-afac-9979b0f36f6a
1653622506925	Marionette	INFO	Listening on port 45463
Read port: 45463
1653622506990	RemoteAgent	WARN	TLS certificate errors will be ignored for this session
console.warn: LoginRecipes: "getRecipes: falling back to a synchronous message for:" "https://admin-demo.nopcommerce.com"
console.warn: LoginRecipes: "getRecipes: falling back to a synchronous message for:" "https://admin-demo.nopcommerce.com"
JavaScript error: resource://gre/modules/LoginManagerParent.jsm, line 136: TypeError: gRecipeManager is null
Unsupported modifier, resource creation failed.
XXX: resource creation failed
Unsupported modifier, resource creation failed.
XXX: resource creation failed
1653622512914	Marionette	INFO	Stopped listening on port 45463
JavaScript error: resource://gre/modules/UrlClassifierListManager.jsm, line 691: TypeError: this.tablesData[table] is undefined
JavaScript error: https://admin-demo.nopcommerce.com/lib_npm/jquery/jquery.min.js?v=meexYto0mAKr6PjyeE37ROc-We8, line 2: NS_ERROR_NOT_INITIALIZED: 
JavaScript error: resource://services-settings/Utils.jsm, line 153: TypeError: NetworkError: Network request failed

###!!! [Parent][PImageBridgeParent] Error: RunMessage(msgname=PImageBridge::Msg_WillClose) Channel closing: too late to send/recv, messages will be lost

Sandbox: Unexpected EOF, op 0 flags 00 path /proc/cpuinfo
Unsupported modifier, resource creation failed.
XXX: resource creation failed
Unsupported modifier, resource creation failed.
XXX: resource creation failed
Unsupported modifier, resource creation failed.
XXX: resource creation failed
Unsupported modifier, resource creation failed.
XXX: resource creation failed
Unsupported modifier, resource creation failed.
XXX: resource creation failed
1653626044709	Marionette	INFO	Stopped listening on port 38767
1653626044714	Marionette	INFO	Stopped listening on port 40881

###!!! [Parent][PImageBridgeParent] Error: RunMessage(msgname=PImageBridge::Msg_WillClose) Channel closing: too late to send/recv, messages will be lost

Sandbox: Unexpected EOF, op 0 flags 00 path /proc/cpuinfo
1653658330266	geckodriver	INFO	Listening on 127.0.0.1:43923
1653658330709	mozrunner::runner	INFO	Running command: "/usr/bin/firefox" "--marionette" "--remote-debugging-port" "40993" "--remote-allow-hosts" "localhost" "-no-remote" "-profile" "/tmp/rust_mozprofilexLfauF"
1653658331724	Marionette	INFO	Marionette enabled
Unsupported modifier, resource creation failed.
XXX: resource creation failed
Unsupported modifier, resource creation failed.
XXX: resource creation failed
console.warn: SearchSettings: "get: No settings file exists, new profile?" (new NotFoundError("Could not open the file at /tmp/rust_mozprofilexLfauF/search.json.mozlz4", (void 0)))
Unsupported modifier, resource creation failed.
XXX: resource creation failed
DevTools listening on ws://localhost:40993/devtools/browser/98fc63ca-5c19-46d5-abb8-be32a6c7a72e
1653658336261	Marionette	INFO	Listening on port 44925
Read port: 44925
Unsupported modifier, resource creation failed.
XXX: resource creation failed
1653658336453	RemoteAgent	WARN	TLS certificate errors will be ignored for this session
console.warn: LoginRecipes: "getRecipes: falling back to a synchronous message for:" "https://admin-demo.nopcommerce.com"
console.warn: LoginRecipes: "getRecipes: falling back to a synchronous message for:" "https://admin-demo.nopcommerce.com"
JavaScript error: resource://gre/modules/LoginManagerParent.jsm, line 136: TypeError: gRecipeManager is null
Unsupported modifier, resource creation failed.
XXX: resource creation failed
1653658340787	Marionette	WARN	TimedPromise timed out after 500 ms: stacktrace:
TimedPromise/<@chrome://remote/content/marionette/sync.js:235:19
TimedPromise@chrome://remote/content/marionette/sync.js:220:10
interaction.flushEventLoop@chrome://remote/content/marionette/interaction.js:431:10
webdriverClickElement@chrome://remote/content/marionette/interaction.js:179:31
send@https://admin-demo.nopcommerce.com/lib_npm/jquery/jquery.min.js?v=meexYto0mAKr6PjyeE37ROc-We8:2:82613
ajax@https://admin-demo.nopcommerce.com/lib_npm/jquery/jquery.min.js?v=meexYto0mAKr6PjyeE37ROc-We8:2:78223
n.ajax@https://admin-demo.nopcommerce.com/js/HomeIndex.Footer.scripts.js?v=p85S1lLwdXzndIrgTxy2jRef03c:86:4297
t@https://admin-demo.nopcommerce.com/js/HomeIndex.Footer.scripts.js?v=p85S1lLwdXzndIrgTxy2jRef03c:92:42174
initOnce@https://admin-demo.nopcommerce.com/js/HomeIndex.Footer.scripts.js?v=p85S1lLwdXzndIrgTxy2jRef03c:92:42576
init@https://admin-demo.nopcommerce.com/js/HomeIndex.Footer.scripts.js?v=p85S1lLwdXzndIrgTxy2jRef03c:92:43224
@https://admin-demo.nopcommerce.com/admin/:2518:46
e@https://admin-demo.nopcommerce.com/lib_npm/jquery/jquery.min.js?v=meexYto0mAKr6PjyeE37ROc-We8:2:30005
Deferred/then/l/</t<@https://admin-demo.nopcommerce.com/lib_npm/jquery/jquery.min.js?v=meexYto0mAKr6PjyeE37ROc-We8:2:30307
1653658341385	geckodriver	INFO	Listening on 127.0.0.1:34295
1653658341902	mozrunner::runner	INFO	Running command: "/usr/bin/firefox" "--marionette" "--remote-debugging-port" "49471" "--remote-allow-hosts" "localhost" "-no-remote" "-profile" "/tmp/rust_mozprofileWU53rb"
1653658342626	Marionette	INFO	Marionette enabled
Unsupported modifier, resource creation failed.
XXX: resource creation failed
Unsupported modifier, resource creation failed.
XXX: resource creation failed
Unsupported modifier, resource creation failed.
XXX: resource creation failed
console.warn: SearchSettings: "get: No settings file exists, new profile?" (new NotFoundError("Could not open the file at /tmp/rust_mozprofileWU53rb/search.json.mozlz4", (void 0)))
Unsupported modifier, resource creation failed.
XXX: resource creation failed
DevTools listening on ws://localhost:49471/devtools/browser/0a1b6856-e4b5-4c79-b2db-ca4854771ccd
1653658346302	Marionette	INFO	Listening on port 37149
Read port: 37149
1653658346330	RemoteAgent	WARN	TLS certificate errors will be ignored for this session
console.warn: LoginRecipes: "getRecipes: falling back to a synchronous message for:" "https://admin-demo.nopcommerce.com"
console.warn: LoginRecipes: "getRecipes: falling back to a synchronous message for:" "https://admin-demo.nopcommerce.com"
JavaScript error: resource://gre/modules/LoginManagerParent.jsm, line 136: TypeError: gRecipeManager is null
1653658349896	Marionette	INFO	Stopped listening on port 37149
console.warn: services.settings: main/quicksuggest sync interrupted by shutdown
JavaScript error: resource://gre/modules/UrlClassifierListManager.jsm, line 691: TypeError: this.tablesData[table] is undefined
console.warn: SearchService: "_init: abandoning init due to shutting down"
JavaScript error: , line 0: uncaught exception: 2147500036
JavaScript error: , line 0: uncaught exception: 2147500036
JavaScript error: , line 0: uncaught exception: 2147500036
JavaScript error: , line 0: uncaught exception: 2147500036
JavaScript error: , line 0: uncaught exception: 2147500036
JavaScript error: , line 0: uncaught exception: 2147500036
JavaScript error: , line 0: uncaught exception: 2147500036
JavaScript error: , line 0: uncaught exception: 2147500036
JavaScript error: , line 0: uncaught exception: 2147500036
JavaScript error: , line 0: uncaught exception: 2147500036
console.log: "RemoteSettingsWorker error: Error: Can't import when we've started shutting down."
JavaScript error: resource://gre/modules/AsyncShutdown.jsm, line 718: Error: Phase "profile-before-change" is finished, it is too late to register completion condition "DoHController: clear state and remove observers"

###!!! [Parent][PImageBridgeParent] Error: RunMessage(msgname=PImageBridge::Msg_WillClose) Channel closing: too late to send/recv, messages will be lost

1653658354303	Marionette	INFO	Stopped listening on port 44925
console.warn: TopSitesFeed: Failed to fetch data from Contile server: NetworkError when attempting to fetch resource.
JavaScript error: chrome://remote/content/marionette/cert.js, line 55: NS_ERROR_NOT_AVAILABLE: Component returned failure code: 0x80040111 (NS_ERROR_NOT_AVAILABLE) [nsICertOverrideService.setDisableAllSecurityChecksAndLetAttackersInterceptMyData]
JavaScript error: resource://gre/modules/CrashManager.jsm, line 898: AbortError: IOUtils: Shutting down and refusing additional I/O tasks
RunWatchdog: Mainthread nested event loops during hang: 
 --- (no nested event loop active)
ExceptionHandler::GenerateDump cloned child ExceptionHandler::WaitForContinueSignal waiting for continue signal...
13330
ExceptionHandler::SendContinueSignalToChild sent continue signal to child
1653658968545	geckodriver	INFO	Listening on 127.0.0.1:58641
1653658968552	mozrunner::runner	INFO	Running command: "/usr/bin/firefox" "--marionette" "--remote-debugging-port" "45791" "--remote-allow-hosts" "localhost" "-no-remote" "-profile" "/tmp/rust_mozprofile8AFRZU"
1653658969245	Marionette	INFO	Marionette enabled
Unsupported modifier, resource creation failed.
XXX: resource creation failed
console.warn: SearchSettings: "get: No settings file exists, new profile?" (new NotFoundError("Could not open the file at /tmp/rust_mozprofile8AFRZU/search.json.mozlz4", (void 0)))
Unsupported modifier, resource creation failed.
XXX: resource creation failed
Unsupported modifier, resource creation failed.
XXX: resource creation failed
DevTools listening on ws://localhost:45791/devtools/browser/1e589232-afe9-49f1-8aae-79ae30066e8a
1653658972654	Marionette	INFO	Listening on port 42715
Read port: 42715
1653658972678	RemoteAgent	WARN	TLS certificate errors will be ignored for this session
console.warn: LoginRecipes: "getRecipes: falling back to a synchronous message for:" "https://admin-demo.nopcommerce.com"
console.warn: LoginRecipes: "getRecipes: falling back to a synchronous message for:" "https://admin-demo.nopcommerce.com"
JavaScript error: resource://gre/modules/LoginManagerParent.jsm, line 136: TypeError: gRecipeManager is null
Unsupported modifier, resource creation failed.
XXX: resource creation failed
Unsupported modifier, resource creation failed.
XXX: resource creation failed
1653658982270	Marionette	WARN	TimedPromise timed out after 500 ms: stacktrace:
TimedPromise/<@chrome://remote/content/marionette/sync.js:235:19
TimedPromise@chrome://remote/content/marionette/sync.js:220:10
interaction.flushEventLoop@chrome://remote/content/marionette/interaction.js:431:10
webdriverClickElement@chrome://remote/content/marionette/interaction.js:179:31
send@https://admin-demo.nopcommerce.com/lib_npm/jquery/jquery.min.js?v=meexYto0mAKr6PjyeE37ROc-We8:2:82613
ajax@https://admin-demo.nopcommerce.com/lib_npm/jquery/jquery.min.js?v=meexYto0mAKr6PjyeE37ROc-We8:2:78223
n.ajax@https://admin-demo.nopcommerce.com/js/CustomerList.Footer.scripts.js?v=xmzoCAzW3rGfXyFMlwN0-pJR2Ow:86:4297
t@https://admin-demo.nopcommerce.com/js/CustomerList.Footer.scripts.js?v=xmzoCAzW3rGfXyFMlwN0-pJR2Ow:92:42174
initOnce@https://admin-demo.nopcommerce.com/js/CustomerList.Footer.scripts.js?v=xmzoCAzW3rGfXyFMlwN0-pJR2Ow:92:42576
init@https://admin-demo.nopcommerce.com/js/CustomerList.Footer.scripts.js?v=xmzoCAzW3rGfXyFMlwN0-pJR2Ow:92:43224
@https://admin-demo.nopcommerce.com/Admin/Customer/List:1375:46
e@https://admin-demo.nopcommerce.com/lib_npm/jquery/jquery.min.js?v=meexYto0mAKr6PjyeE37ROc-We8:2:30005
Deferred/then/l/</t<@https://admin-demo.nopcommerce.com/lib_npm/jquery/jquery.min.js?v=meexYto0mAKr6PjyeE37ROc-We8:2:30307
1653658982578	geckodriver	INFO	Listening on 127.0.0.1:52025
1653658983102	mozrunner::runner	INFO	Running command: "/usr/bin/firefox" "--marionette" "--remote-debugging-port" "53435" "--remote-allow-hosts" "localhost" "-no-remote" "-profile" "/tmp/rust_mozprofilegAEmca"
1653658984276	Marionette	INFO	Marionette enabled
Unsupported modifier, resource creation failed.
XXX: resource creation failed
Unsupported modifier, resource creation failed.
XXX: resource creation failed
Unsupported modifier, resource creation failed.
XXX: resource creation failed
console.warn: SearchSettings: "get: No settings file exists, new profile?" (new NotFoundError("Could not open the file at /tmp/rust_mozprofilegAEmca/search.json.mozlz4", (void 0)))
Unsupported modifier, resource creation failed.
XXX: resource creation failed
DevTools listening on ws://localhost:53435/devtools/browser/e4966960-5b30-42e8-8d13-f628d5897ad6
1653658988856	Marionette	INFO	Listening on port 35739
Read port: 35739
1653658988933	RemoteAgent	WARN	TLS certificate errors will be ignored for this session
console.warn: LoginRecipes: "getRecipes: falling back to a synchronous message for:" "https://admin-demo.nopcommerce.com"
console.warn: LoginRecipes: "getRecipes: falling back to a synchronous message for:" "https://admin-demo.nopcommerce.com"
JavaScript error: resource://gre/modules/LoginManagerParent.jsm, line 136: TypeError: gRecipeManager is null
1653658992557	Marionette	INFO	Stopped listening on port 35739
JavaScript error: resource://services-settings/Utils.jsm, line 153: TypeError: NetworkError: Network request failed
JavaScript error: resource://gre/modules/UrlClassifierListManager.jsm, line 691: TypeError: this.tablesData[table] is undefined

###!!! [Parent][PImageBridgeParent] Error: RunMessage(msgname=PImageBridge::Msg_WillClose) Channel closing: too late to send/recv, messages will be lost

1653659005673	Marionette	INFO	Stopped listening on port 42715
console.warn: TopSitesFeed: Failed to fetch data from Contile server: NetworkError when attempting to fetch resource.

###!!! [Parent][PImageBridgeParent] Error: RunMessage(msgname=PImageBridge::Msg_WillClose) Channel closing: too late to send/recv, messages will be lost

